[+] Containers:
 |- [+] Container: /Game/ThirdPerson/Maps/ThirdPersonMap
 |   |- [+] ActorDescs:
 |   |   |- Guid:03155E9F47E645BE66C29593856BA02C BaseClass: NativeClass:/Script/Engine.StaticMeshActor Name:StaticMeshActor_UAID_C85ACF005BFE204701_1722238788 Label:Box6 SpatiallyLoaded:1 Bounds:IsValid=true, Min=(X=-5530.000 Y=95.000 Z=0.000), Max=(X=-5430.000 Y=3345.000 Z=1025.000) RuntimeGrid:None EditorOnly:0 RuntimeOnly:0 HLODRelevant:0
 |   |   |- Guid:068D34EC4646499F4980DB8AB4E8BA06 BaseClass: NativeClass:/Script/Engine.Character Name:StationaryShooter_AI_C_UAID_5081402FF29BF84E01_1984781178 Label:StationaryShooter_AI SpatiallyLoaded:1 Bounds:IsValid=true, Min=(X=-4960.000 Y=2354.000 Z=-62.000), Max=(X=-4640.000 Y=2626.000 Z=258.000) RuntimeGrid:None EditorOnly:0 RuntimeOnly:0 HLODRelevant:0
 |   |   |- Guid:08F9DC56444CFFF3F13B379E81EF05BC BaseClass: NativeClass:/Script/Engine.StaticMeshActor Name:StaticMeshActor_16 Label:SM_Cube11 SpatiallyLoaded:1 Bounds:IsValid=true, Min=(X=400.000 Y=2600.000 Z=0.000), Max=(X=700.000 Y=2900.000 Z=200.000) RuntimeGrid:None EditorOnly:0 RuntimeOnly:0 HLODRelevant:1 FolderPath:Block03 FolderGuid:7B7009C345D3D6DD94D3429E1D79C034
 |   |   |- Guid:11DE3D304F2869A97FCFC985E3068603 BaseClass: NativeClass:/Script/Engine.Actor Name:Portal_BP_C_UAID_C85ACF005856414F01_1576606023 Label:Portal_BP SpatiallyLoaded:1 Bounds:IsValid=true, Min=(X=-4800.000 Y=1700.000 Z=-0.000), Max=(X=-4640.000 Y=1952.419 Z=211.996) RuntimeGrid:None EditorOnly:0 RuntimeOnly:0 HLODRelevant:0
 |   |   |- Guid:12B98FD342C14363928355AD384335FB BaseClass: NativeClass:/Script/Engine.StaticMeshActor Name:StaticMeshActor_UAID_C85ACF005AB1FF4201_1762206737 Label:SM_Cube7 SpatiallyLoaded:1 Bounds:IsValid=true, Min=(X=350.000 Y=5450.000 Z=10.000), Max=(X=1500.000 Y=5500.000 Z=910.000) RuntimeGrid:None EditorOnly:0 RuntimeOnly:0 HLODRelevant:1 FolderPath:Playground FolderGuid:C73F09FC4215536B1DCE2A9E0A830C70
 |   |   |- Guid:17D0AA9A4E27DBF82CE10C9E21D0A243 BaseClass: NativeClass:/Script/Engine.StaticMeshActor Name:StaticMeshActor_UAID_C85ACF005AB1004301_2123938933 Label:AC_Unit_AC_Unit_Plane_002_AC_Unit_Plane_002_Fan SpatiallyLoaded:1 Bounds:IsValid=true, Min=(X=1630.000 Y=1980.000 Z=60.000), Max=(X=1630.000 Y=1980.000 Z=60.000) RuntimeGrid:None EditorOnly:0 RuntimeOnly:0 HLODRelevant:0 Parent:E510B6C042934678A61B4C8E02DF8DAA
 |   |   |- Guid:1A789DC8415097E9856E5DB60740F01D BaseClass: NativeClass:/Script/Engine.StaticMeshActor Name:StaticMeshActor_34 Label:SM_QuarterCylinder13 SpatiallyLoaded:1 Bounds:IsValid=true, Min=(X=2000.000 Y=500.000 Z=0.000), Max=(X=2200.000 Y=700.000 Z=100.000) RuntimeGrid:None EditorOnly:0 RuntimeOnly:0 HLODRelevant:1 FolderPath:Cylinder FolderGuid:D075E5BA49330D3EC2503D81A7CF88D1
 |   |   |- Guid:1B174BC7470EC7C0C01123A30DCDC6EC BaseClass: NativeClass:/Script/Engine.StaticMeshActor Name:StaticMeshActor_UAID_C85ACF005AB1004301_2123987937 Label:AC_Unit_AC_Unit_Plane_002_AC_Unit_Plane_002_Radiator SpatiallyLoaded:1 Bounds:IsValid=true, Min=(X=1630.000 Y=1980.000 Z=60.000), Max=(X=1630.000 Y=1980.000 Z=60.000) RuntimeGrid:None EditorOnly:0 RuntimeOnly:0 HLODRelevant:0 Parent:E510B6C042934678A61B4C8E02DF8DAA
 |   |   |- Guid:1B456F154899CDD8E5679F9429C0D7F4 BaseClass: NativeClass:/Script/Engine.SpotLight Name:SpotLight_UAID_C85ACF005BFE1D4701_1807325253 Label:SpotLight4 SpatiallyLoaded:1 Bounds:IsValid=true, Min=(X=-3805.082 Y=-235.082 Z=-940.164), Max=(X=-2414.918 Y=1155.082 Z=450.000) RuntimeGrid:None EditorOnly:0 RuntimeOnly:0 HLODRelevant:0
 |   |   |- Guid:1B9598344A1F20E1A5125DA8A7E9FC0F BaseClass: NativeClass:/Script/Engine.StaticMeshActor Name:StaticMeshActor_22 Label:SM_QuarterCylinder4 SpatiallyLoaded:1 Bounds:IsValid=true, Min=(X=300.000 Y=2600.000 Z=0.000), Max=(X=400.000 Y=2700.000 Z=200.000) RuntimeGrid:None EditorOnly:0 RuntimeOnly:0 HLODRelevant:1 FolderPath:Block03 FolderGuid:7B7009C345D3D6DD94D3429E1D79C034
 |   |   |- Guid:1E8ED0204649FA9A5AEFCC91E6E600CC BaseClass: NativeClass:/Script/Engine.StaticMeshActor Name:StaticMeshActor_UAID_C85ACF005AB1004301_1298053928 Label:oldPipe_FBX_valve_geo SpatiallyLoaded:1 Bounds:IsValid=true, Min=(X=1290.374 Y=4586.352 Z=75.745), Max=(X=1334.517 Y=4626.765 Z=122.387) RuntimeGrid:None EditorOnly:0 RuntimeOnly:0 HLODRelevant:1
 |   |   |- Guid:1F8E8FAD4005132167FBCB80F46D8A85 BaseClass: NativeClass:/Script/Engine.Actor Name:BP_TelekineticProp_C_UAID_5081402FE52B294101_1168835016 Label:BP_TelekineticProp SpatiallyLoaded:1 Bounds:IsValid=true, Min=(X=1048.274 Y=1782.000 Z=283.872), Max=(X=1136.274 Y=1958.000 Z=371.872) RuntimeGrid:None EditorOnly:0 RuntimeOnly:0 HLODRelevant:0
 |   |   |- Guid:2290BD3A49C23481F718C888758CBD04 BaseClass:/Game/ThirdPerson/inspection_system/Chair.Chair_C NativeClass:/Script/Engine.Actor Name:Chair_C_UAID_C85ACF005C3C4D6F01_1989735927 Label:Chair SpatiallyLoaded:1 Bounds:IsValid=true, Min=(X=-4266.000 Y=50.000 Z=-750.000), Max=(X=-4074.000 Y=1550.000 Z=750.000) RuntimeGrid:None EditorOnly:0 RuntimeOnly:0 HLODRelevant:0
 |   |   |- Guid:26B8C3BE41021A3F42B61FA534F9181E BaseClass: NativeClass:/Script/Engine.StaticMeshActor Name:StaticMeshActor_20 Label:SM_Cube12 SpatiallyLoaded:1 Bounds:IsValid=true, Min=(X=2500.000 Y=2700.000 Z=0.000), Max=(X=2600.000 Y=2800.000 Z=200.000) RuntimeGrid:None EditorOnly:0 RuntimeOnly:0 HLODRelevant:1 FolderPath:Block02 FolderGuid:EBA23F8248252949750E43911A3A1CDD
 |   |   |- Guid:2ABA8AB541C538B7C3097DA838BE2929 BaseClass: NativeClass:/Script/Engine.StaticMeshActor Name:StaticMeshActor_UAID_C85ACF005AB1004301_1298028926 Label:oldPipe_FBX_pipeJoint_geo SpatiallyLoaded:1 Bounds:IsValid=true, Min=(X=1306.054 Y=4587.285 Z=49.980), Max=(X=1367.005 Y=4641.444 Z=106.262) RuntimeGrid:None EditorOnly:0 RuntimeOnly:0 HLODRelevant:1 Parent:1E8ED0204649FA9A5AEFCC91E6E600CC
 |   |   |- Guid:2BFC141B46D6F71F7024BA86E67E31DB BaseClass: NativeClass:/Script/Engine.StaticMeshActor Name:StaticMeshActor_UAID_C85ACF005A1F2B4B01_1865246928 Label:Cube2 SpatiallyLoaded:1 Bounds:IsValid=true, Min=(X=-3320.000 Y=2092.500 Z=60.000), Max=(X=-2920.000 Y=2567.500 Z=160.000) RuntimeGrid:None EditorOnly:0 RuntimeOnly:0 HLODRelevant:1
 |   |   |- Guid:2FB58999456391D349DC0F86DAC136ED BaseClass: NativeClass:/Script/Engine.SkyLight Name:SkyLight_1 Label:SkyLight SpatiallyLoaded:0 Bounds:IsValid=true, Min=(X=0.000 Y=0.000 Z=690.000), Max=(X=0.000 Y=0.000 Z=690.000) RuntimeGrid:None EditorOnly:0 RuntimeOnly:0 HLODRelevant:0 FolderPath:Lighting FolderGuid:963EC3EB4002CCE9759E2EBA541A873A
 |   |   |- Guid:316A30BB4B646FE66E770492D48BEB87 BaseClass: NativeClass:/Script/Engine.StaticMeshActor Name:StaticMeshActor_UAID_C85ACF005BFE1B4701_1778798887 Label:SM_Cube15 SpatiallyLoaded:1 Bounds:IsValid=true, Min=(X=-5430.000 Y=-120.000 Z=-50.000), Max=(X=-2455.000 Y=3355.000 Z=0.000) RuntimeGrid:None EditorOnly:0 RuntimeOnly:0 HLODRelevant:1 FolderPath:Playground FolderGuid:C73F09FC4215536B1DCE2A9E0A830C70
 |   |   |- Guid:316CF2A6494ACA4C0E4180A87D36AB8F BaseClass: NativeClass:/Script/Engine.ExponentialHeightFog Name:ExponentialHeightFog_0 Label:ExponentialHeightFog SpatiallyLoaded:0 Bounds:IsValid=true, Min=(X=-5600.000 Y=-50.000 Z=-6850.000), Max=(X=-5600.000 Y=-50.000 Z=-6850.000) RuntimeGrid:None EditorOnly:0 RuntimeOnly:0 HLODRelevant:0 FolderPath:Lighting FolderGuid:963EC3EB4002CCE9759E2EBA541A873A
 |   |   |- Guid:32FF6CDD44820A7F136D34BE5F1949BE BaseClass: NativeClass:/Script/Engine.StaticMeshActor Name:StaticMeshActor_UAID_C85ACF005AB1004301_2123975936 Label:AC_Unit_AC_Unit_Plane_002_AC_Unit_Plane_002_Net SpatiallyLoaded:1 Bounds:IsValid=true, Min=(X=1630.000 Y=1980.000 Z=60.000), Max=(X=1630.000 Y=1980.000 Z=60.000) RuntimeGrid:None EditorOnly:0 RuntimeOnly:0 HLODRelevant:0 Parent:E510B6C042934678A61B4C8E02DF8DAA
 |   |   |- Guid:3A00AA1C422CE54C0BDB60BAF471BFBB BaseClass: NativeClass:/Script/Engine.PlayerStart Name:PlayerStart_0 Label:PlayerStart SpatiallyLoaded:0 Bounds:IsValid=true, Min=(X=-4760.000 Y=1460.000 Z=10.013), Max=(X=-4680.000 Y=1540.000 Z=194.013) RuntimeGrid:None EditorOnly:0 RuntimeOnly:0 HLODRelevant:0
 |   |   |- Guid:3B683A81498B2F0EFD2713BB0380731D BaseClass: NativeClass:/Script/Engine.StaticMeshActor Name:StaticMeshActor_UAID_C85ACF005BFE204701_1730165789 Label:Box7 SpatiallyLoaded:1 Bounds:IsValid=true, Min=(X=-5447.500 Y=190.000 Z=0.000), Max=(X=-3572.500 Y=290.000 Z=1025.000) RuntimeGrid:None EditorOnly:0 RuntimeOnly:0 HLODRelevant:0
 |   |   |- Guid:43815E84492231AFC407F59E3C28176B BaseClass: NativeClass:/Script/Engine.StaticMeshActor Name:StaticMeshActor_4 Label:SM_Cube6 SpatiallyLoaded:1 Bounds:IsValid=true, Min=(X=2900.000 Y=100.000 Z=0.000), Max=(X=3000.000 Y=3400.000 Z=400.000) RuntimeGrid:None EditorOnly:0 RuntimeOnly:0 HLODRelevant:1 FolderPath:Playground FolderGuid:C73F09FC4215536B1DCE2A9E0A830C70
 |   |   |- Guid:4D3BE93F4146AAAC8BBE79999D96D57F BaseClass: NativeClass:/Script/Engine.VolumetricCloud Name:VolumetricCloud_0 Label:VolumetricCloud SpatiallyLoaded:0 Bounds:IsValid=true, Min=(X=0.000 Y=0.000 Z=820.000), Max=(X=0.000 Y=0.000 Z=820.000) RuntimeGrid:None EditorOnly:0 RuntimeOnly:0 HLODRelevant:0 FolderPath:Lighting FolderGuid:963EC3EB4002CCE9759E2EBA541A873A
 |   |   |- Guid:520C517F476B172DEF0447AFAC100EAB BaseClass: NativeClass:/Script/Engine.Actor Name:Puzzle_1_C_UAID_5081402FF29BF84E01_1181406177 Label:Puzzle_1 SpatiallyLoaded:1 Bounds:IsValid=true, Min=(X=-4256.190 Y=1207.680 Z=-29.240), Max=(X=-4150.110 Y=1392.320 Z=69.240) RuntimeGrid:None EditorOnly:0 RuntimeOnly:0 HLODRelevant:0
 |   |   |- Guid:548E936E47113883CEF990B34C16FE1C BaseClass: NativeClass:/Script/Engine.StaticMeshActor Name:StaticMeshActor_UAID_C85ACF005AB1FF4201_1951750745 Label:SM_Cube14 SpatiallyLoaded:1 Bounds:IsValid=true, Min=(X=1420.000 Y=4910.000 Z=10.000), Max=(X=1470.000 Y=5435.000 Z=410.000) RuntimeGrid:None EditorOnly:0 RuntimeOnly:0 HLODRelevant:1 FolderPath:Playground FolderGuid:C73F09FC4215536B1DCE2A9E0A830C70
 |   |   |- Guid:59CE89D047C75FBE41189BA8ABD2CA2A BaseClass: NativeClass:/Script/Engine.StaticMeshActor Name:StaticMeshActor_18 Label:SM_QuarterCylinder SpatiallyLoaded:1 Bounds:IsValid=true, Min=(X=2500.000 Y=2800.000 Z=0.000), Max=(X=2600.000 Y=2900.000 Z=200.000) RuntimeGrid:None EditorOnly:0 RuntimeOnly:0 HLODRelevant:1 FolderPath:Block02 FolderGuid:EBA23F8248252949750E43911A3A1CDD
 |   |   |- Guid:5B97F4A64FB21F77EFC44386BF705B4C BaseClass: NativeClass:/Script/Engine.TextRenderActor Name:TextRenderActor_1 Label:TextRenderActor SpatiallyLoaded:1 Bounds:IsValid=true, Min=(X=-0.100 Y=1100.000 Z=65.013), Max=(X=-0.100 Y=2392.308 Z=215.013) RuntimeGrid:None EditorOnly:0 RuntimeOnly:0 HLODRelevant:0
 |   |   |- Guid:5E4DB4154690C8B4EB14EAA9E92FAAFF BaseClass: NativeClass:/Script/Engine.StaticMeshActor Name:StaticMeshActor_33 Label:SM_QuarterCylinder12 SpatiallyLoaded:1 Bounds:IsValid=true, Min=(X=2000.000 Y=700.000 Z=0.000), Max=(X=2200.000 Y=900.000 Z=100.000) RuntimeGrid:None EditorOnly:0 RuntimeOnly:0 HLODRelevant:1 FolderPath:Cylinder FolderGuid:D075E5BA49330D3EC2503D81A7CF88D1
 |   |   |- Guid:633F13E54B283EDF99AEC6842E02DDEC BaseClass:/Game/ThirdPerson/inspection_system/Chair.Chair_C NativeClass:/Script/Engine.Actor Name:Chair_C_UAID_C85ACF005C3C536F01_1122857986 Label:Chair SpatiallyLoaded:1 Bounds:IsValid=true, Min=(X=-4366.000 Y=534.000 Z=-96.000), Max=(X=-4174.000 Y=726.000 Z=113.371) RuntimeGrid:None EditorOnly:0 RuntimeOnly:0 HLODRelevant:0
 |   |   |- Guid:67A57BAE4D11156C1D0D26A9A4B1AC4B BaseClass: NativeClass:/Script/Engine.StaticMeshActor Name:StaticMeshActor_UAID_C85ACF005AB1FF4201_1752699736 Label:SM_Cube4 SpatiallyLoaded:1 Bounds:IsValid=true, Min=(X=350.000 Y=3840.000 Z=10.000), Max=(X=1500.000 Y=3890.000 Z=910.000) RuntimeGrid:None EditorOnly:0 RuntimeOnly:0 HLODRelevant:1 FolderPath:Playground FolderGuid:C73F09FC4215536B1DCE2A9E0A830C70
 |   |   |- Guid:67CC52C648353559910E1898B2A8356A BaseClass: NativeClass:/Script/Engine.SpotLight Name:SpotLight_UAID_C85ACF005BFE1D4701_1777489251 Label:SpotLight2 SpatiallyLoaded:1 Bounds:IsValid=true, Min=(X=-3805.082 Y=524.918 Z=-940.164), Max=(X=-2414.918 Y=1915.082 Z=450.000) RuntimeGrid:None EditorOnly:0 RuntimeOnly:0 HLODRelevant:0
 |   |   |- Guid:6B4A523A4133A6DC2310278AAD99FA73 BaseClass: NativeClass:/Script/Engine.StaticMeshActor Name:StaticMeshActor_UAID_C85ACF005BFE204701_1697210787 Label:Cube SpatiallyLoaded:1 Bounds:IsValid=true, Min=(X=-5420.000 Y=2830.000 Z=2.500), Max=(X=-4920.000 Y=3330.000 Z=277.500) RuntimeGrid:None EditorOnly:0 RuntimeOnly:0 HLODRelevant:1
 |   |   |- Guid:6BAF4DDD444C60371492D3919DB42C97 BaseClass: NativeClass:/Script/Engine.WorldDataLayers Name:WorldDataLayers Label:None SpatiallyLoaded:0 Bounds:IsValid=true, Min=(X=0.000 Y=0.000 Z=0.000), Max=(X=0.000 Y=0.000 Z=0.000) RuntimeGrid:None EditorOnly:0 RuntimeOnly:0 HLODRelevant:0
 |   |   |- Guid:722E414743EE0586D21AE58828D24E54 BaseClass: NativeClass:/Script/Engine.StaticMeshActor Name:StaticMeshActor_UAID_C85ACF005AB1004301_2123950934 Label:AC_Unit_AC_Unit_Plane_002_AC_Unit_Plane_002_Front_Grill SpatiallyLoaded:1 Bounds:IsValid=true, Min=(X=1630.000 Y=1980.000 Z=60.000), Max=(X=1630.000 Y=1980.000 Z=60.000) RuntimeGrid:None EditorOnly:0 RuntimeOnly:0 HLODRelevant:0 Parent:E510B6C042934678A61B4C8E02DF8DAA
 |   |   |- Guid:745A095B4BA4E157E4537FA63F5B7B43 BaseClass: NativeClass:/Script/Engine.StaticMeshActor Name:StaticMeshActor_2 Label:SM_ChamferCube SpatiallyLoaded:1 Bounds:IsValid=true, Min=(X=890.000 Y=1470.000 Z=0.013), Max=(X=990.000 Y=1570.000 Z=100.013) RuntimeGrid:None EditorOnly:0 RuntimeOnly:0 HLODRelevant:0
 |   |   |- Guid:7587444F4FB13B9B9CD114BBE7885340 BaseClass: NativeClass:/Script/Engine.StaticMeshActor Name:StaticMeshActor_19 Label:SM_QuarterCylinder2 SpatiallyLoaded:1 Bounds:IsValid=true, Min=(X=2500.000 Y=2600.000 Z=0.000), Max=(X=2600.000 Y=2700.000 Z=200.000) RuntimeGrid:None EditorOnly:0 RuntimeOnly:0 HLODRelevant:1 FolderPath:Block02 FolderGuid:EBA23F8248252949750E43911A3A1CDD
 |   |   |- Guid:7785B61E44709ED4970AD0977FC87FC6 BaseClass: NativeClass:/Script/Engine.Actor Name:Light_Alarm_C_UAID_C85ACF005BFE1C4701_2010730071 Label:Light_Alarm SpatiallyLoaded:1 Bounds:IsValid=true, Min=(X=-3123.291 Y=1105.460 Z=264.881), Max=(X=-3092.270 Y=1129.531 Z=294.219) RuntimeGrid:None EditorOnly:0 RuntimeOnly:0 HLODRelevant:0
 |   |   |- Guid:7C172A0740B33B6D38EEF38A63E0B945 BaseClass: NativeClass:/Script/Engine.StaticMeshActor Name:StaticMeshActor_3 Label:SM_Ramp SpatiallyLoaded:1 Bounds:IsValid=true, Min=(X=1300.000 Y=600.000 Z=0.000), Max=(X=1700.000 Y=800.000 Z=30.000) RuntimeGrid:None EditorOnly:0 RuntimeOnly:0 HLODRelevant:1
 |   |   |- Guid:90A77D08431405044035F7ACC4F55FD3 BaseClass: NativeClass:/Script/Engine.Actor Name:BP_TelekineticProp_C_UAID_C85ACF005BFE244701_1370487494 Label:BP_TelekineticProp3 SpatiallyLoaded:1 Bounds:IsValid=true, Min=(X=-3936.190 Y=2777.680 Z=30.760), Max=(X=-3830.110 Y=2962.320 Z=129.240) RuntimeGrid:None EditorOnly:0 RuntimeOnly:0 HLODRelevant:0
 |   |   |- Guid:94F6D9A645798F5BAD0B58BEED8F27F5 BaseClass: NativeClass:/Script/Engine.StaticMeshActor Name:StaticMeshActor_32 Label:SM_QuarterCylinder11 SpatiallyLoaded:1 Bounds:IsValid=true, Min=(X=2200.000 Y=700.000 Z=-0.000), Max=(X=2400.000 Y=900.000 Z=100.000) RuntimeGrid:None EditorOnly:0 RuntimeOnly:0 HLODRelevant:1 FolderPath:Cylinder FolderGuid:D075E5BA49330D3EC2503D81A7CF88D1
 |   |   |- Guid:98AAFD4B4557EF7B5DCA0E83F3C78857 BaseClass: NativeClass:/Script/Engine.Actor Name:Portal_BP_2_C_UAID_C85ACF005856414F01_1594941024 Label:Portal_BP_2 SpatiallyLoaded:1 Bounds:IsValid=true, Min=(X=1690.000 Y=1907.581 Z=-0.000), Max=(X=1850.000 Y=2160.000 Z=211.996) RuntimeGrid:None EditorOnly:0 RuntimeOnly:0 HLODRelevant:0
 |   |   |- Guid:9BFF363746062F457E2F92A4631DBA20 BaseClass: NativeClass:/Script/Engine.StaticMeshActor Name:StaticMeshActor_11 Label:SM_ChamferCube3 SpatiallyLoaded:1 Bounds:IsValid=true, Min=(X=481.699 Y=2271.699 Z=0.013), Max=(X=618.301 Y=2408.301 Z=100.013) RuntimeGrid:None EditorOnly:0 RuntimeOnly:0 HLODRelevant:0
 |   |   |- Guid:A11AE911410F11E0A704C293963526BD BaseClass: NativeClass:/Script/NavigationSystem.NavMeshBoundsVolume Name:NavMeshBoundsVolume_UAID_C85ACF005A1F294B01_2097017575 Label:NavMeshBoundsVolume SpatiallyLoaded:0 Bounds:IsValid=true, Min=(X=-6340.000 Y=185.000 Z=-1575.000), Max=(X=-2440.000 Y=4135.000 Z=1575.000) RuntimeGrid:None EditorOnly:0 RuntimeOnly:0 HLODRelevant:0
 |   |   |- Guid:A2EE575441F18554F04B778120277BF7 BaseClass: NativeClass:/Script/Engine.StaticMeshActor Name:StaticMeshActor_UAID_C85ACF005AB1004301_1298015925 Label:oldPipe_FBX_brace_geo SpatiallyLoaded:1 Bounds:IsValid=true, Min=(X=1306.970 Y=4551.513 Z=-0.711), Max=(X=1432.623 Y=4817.369 Z=89.478) RuntimeGrid:None EditorOnly:0 RuntimeOnly:0 HLODRelevant:1 Parent:1E8ED0204649FA9A5AEFCC91E6E600CC
 |   |   |- Guid:A3BAF8B44A3D93F5F52F938FB9A447F4 BaseClass: NativeClass:/Script/Engine.StaticMeshActor Name:StaticMeshActor_UAID_C85ACF005AB1FF4201_1766735738 Label:SM_Cube9 SpatiallyLoaded:1 Bounds:IsValid=true, Min=(X=1420.000 Y=3910.000 Z=390.000), Max=(X=1470.000 Y=5435.000 Z=890.000) RuntimeGrid:None EditorOnly:0 RuntimeOnly:0 HLODRelevant:1 FolderPath:Playground FolderGuid:C73F09FC4215536B1DCE2A9E0A830C70
 |   |   |- Guid:A56216954B2165CF0F35A886B537D536 BaseClass: NativeClass:/Script/Engine.StaticMeshActor Name:StaticMeshActor_0 Label:SM_Cube5 SpatiallyLoaded:1 Bounds:IsValid=true, Min=(X=-0.000 Y=100.000 Z=0.000), Max=(X=100.000 Y=3400.000 Z=400.000) RuntimeGrid:None EditorOnly:0 RuntimeOnly:0 HLODRelevant:1 FolderPath:Playground FolderGuid:C73F09FC4215536B1DCE2A9E0A830C70
 |   |   |- Guid:ACB497794EE7CBB3CE33FEBEAC4BB4D9 BaseClass: NativeClass:/Script/Engine.StaticMeshActor Name:StaticMeshActor_UAID_C85ACF005AB1004301_2123962935 Label:AC_Unit_AC_Unit_Plane_002_AC_Unit_Plane_002_Main_Body SpatiallyLoaded:1 Bounds:IsValid=true, Min=(X=1630.000 Y=1980.000 Z=60.000), Max=(X=1630.000 Y=1980.000 Z=60.000) RuntimeGrid:None EditorOnly:0 RuntimeOnly:0 HLODRelevant:0 Parent:E510B6C042934678A61B4C8E02DF8DAA
 |   |   |- Guid:AE7FE88846AEA1210ADC529D60A56F34 BaseClass: NativeClass:/Script/Engine.StaticMeshActor Name:StaticMeshActor_UAID_C85ACF005BFE1B4701_2003130893 Label:Box4 SpatiallyLoaded:1 Bounds:IsValid=true, Min=(X=-5715.000 Y=3320.000 Z=0.000), Max=(X=-2465.000 Y=3420.000 Z=1025.000) RuntimeGrid:None EditorOnly:0 RuntimeOnly:0 HLODRelevant:0
 |   |   |- Guid:B2A887C34F8F0A68C98CDEBB9A385474 BaseClass: NativeClass:/Script/Engine.StaticMeshActor Name:StaticMeshActor_UAID_C85ACF005AB1004301_2123912931 Label:AC_Unit_AC_Unit_Plane_002_AC_Unit_Plane_002_Bolts SpatiallyLoaded:1 Bounds:IsValid=true, Min=(X=1630.000 Y=1980.000 Z=60.000), Max=(X=1630.000 Y=1980.000 Z=60.000) RuntimeGrid:None EditorOnly:0 RuntimeOnly:0 HLODRelevant:0 Parent:E510B6C042934678A61B4C8E02DF8DAA
 |   |   |- Guid:B3F872A64ADE225DDCE43E947324673F BaseClass: NativeClass:/Script/Engine.StaticMeshActor Name:StaticMeshActor_UAID_C85ACF005A1F2D4B01_1488104281 Label:Cube3 SpatiallyLoaded:1 Bounds:IsValid=true, Min=(X=-4100.000 Y=1902.500 Z=-102.500), Max=(X=-3700.000 Y=2377.500 Z=322.500) RuntimeGrid:None EditorOnly:0 RuntimeOnly:0 HLODRelevant:1
 |   |   |- Guid:B4D9430E4A94A35A2219308FE4A2C581 BaseClass: NativeClass:/Script/Engine.Character Name:BP_NPC_C_UAID_C85ACF005C3CC63C01_1538401367 Label:BP_NPC SpatiallyLoaded:1 Bounds:IsValid=true, Min=(X=1758.704 Y=1065.505 Z=-4.383), Max=(X=1834.000 Y=1194.211 Z=176.000) RuntimeGrid:None EditorOnly:0 RuntimeOnly:0 HLODRelevant:0
 |   |   |- Guid:B644C4E640D9B0F3D06F509076D78416 BaseClass: NativeClass:/Script/Engine.StaticMeshActor Name:StaticMeshActor_UAID_C85ACF005BFE1B4701_1889127892 Label:Box2 SpatiallyLoaded:1 Bounds:IsValid=true, Min=(X=-3630.000 Y=-60.000 Z=0.000), Max=(X=-3530.000 Y=2440.000 Z=500.000) RuntimeGrid:None EditorOnly:0 RuntimeOnly:0 HLODRelevant:0
 |   |   |- Guid:B785ED2844B84CFB91E7F39FE661CD99 BaseClass: NativeClass:/Script/Engine.DirectionalLight Name:DirectionalLight_0 Label:DirectionalLight SpatiallyLoaded:0 Bounds:IsValid=true, Min=(X=-1048576.000 Y=-1048576.000 Z=-1048576.000), Max=(X=1048576.000 Y=1048576.000 Z=1048576.000) RuntimeGrid:None EditorOnly:0 RuntimeOnly:0 HLODRelevant:0 FolderPath:Lighting FolderGuid:963EC3EB4002CCE9759E2EBA541A873A
 |   |   |- Guid:B95E03C548236E52E2D3D783B6B60FA9 BaseClass: NativeClass:/Script/Engine.SpotLight Name:SpotLight_UAID_C85ACF005BFE1D4701_1766578250 Label:SpotLight SpatiallyLoaded:1 Bounds:IsValid=true, Min=(X=-3805.082 Y=1014.918 Z=-940.164), Max=(X=-2414.918 Y=2405.082 Z=450.000) RuntimeGrid:None EditorOnly:0 RuntimeOnly:0 HLODRelevant:0
 |   |   |- Guid:BC08B79C4EA3C961CFF75EBBE83B367D BaseClass: NativeClass:/Script/Engine.StaticMeshActor Name:StaticMeshActor_5 Label:SM_Cube2 SpatiallyLoaded:1 Bounds:IsValid=true, Min=(X=0.000 Y=0.000 Z=0.000), Max=(X=3000.000 Y=100.000 Z=400.000) RuntimeGrid:None EditorOnly:0 RuntimeOnly:0 HLODRelevant:1 FolderPath:Playground FolderGuid:C73F09FC4215536B1DCE2A9E0A830C70
 |   |   |- Guid:C324A12E4790CD177567C78389EF211B BaseClass:/Game/ThirdPerson/inspection_system/Cool_chair.Cool_chair_C NativeClass:/Script/Engine.Actor Name:Cool_chair_C_UAID_C85ACF005C3C556F01_2078777340 Label:Cool_chair SpatiallyLoaded:1 Bounds:IsValid=true, Min=(X=-4142.000 Y=778.000 Z=-12.000), Max=(X=-3998.000 Y=922.000 Z=132.000) RuntimeGrid:None EditorOnly:0 RuntimeOnly:0 HLODRelevant:0
 |   |   |- Guid:C54F939148161FCDFB62DB8CD3FEFF50 BaseClass: NativeClass:/Script/Engine.StaticMeshActor Name:StaticMeshActor_UAID_C85ACF005AB1FF4201_1942243744 Label:SM_Cube10 SpatiallyLoaded:1 Bounds:IsValid=true, Min=(X=1420.000 Y=3910.000 Z=10.000), Max=(X=1470.000 Y=4510.000 Z=410.000) RuntimeGrid:None EditorOnly:0 RuntimeOnly:0 HLODRelevant:1 FolderPath:Playground FolderGuid:C73F09FC4215536B1DCE2A9E0A830C70
 |   |   |- Guid:C9058B5D471EA25314B5F7967A083073 BaseClass: NativeClass:/Script/Engine.StaticMeshActor Name:StaticMeshActor_UAID_C85ACF005AB1004301_1298041927 Label:oldPipe_FBX_pipeline_geo SpatiallyLoaded:1 Bounds:IsValid=true, Min=(X=1311.401 Y=4501.584 Z=11.477), Max=(X=1439.543 Y=4936.334 Z=97.969) RuntimeGrid:None EditorOnly:0 RuntimeOnly:0 HLODRelevant:1 Parent:1E8ED0204649FA9A5AEFCC91E6E600CC
 |   |   |- Guid:CA6CA03D4FB7145E030B1CA657B28D5A BaseClass: NativeClass:/Script/Engine.StaticMeshActor Name:StaticMeshActor_UAID_C85ACF005BFE1C4701_2016504072 Label:Box5 SpatiallyLoaded:1 Bounds:IsValid=true, Min=(X=-3580.000 Y=-60.000 Z=440.000), Max=(X=-2605.000 Y=2440.000 Z=540.000) RuntimeGrid:None EditorOnly:0 RuntimeOnly:0 HLODRelevant:0
 |   |   |- Guid:CCFF262C46EEFFDF319E7F9539CE697E BaseClass: NativeClass:/Script/Engine.SkyAtmosphere Name:SkyAtmosphere_0 Label:SkyAtmosphere SpatiallyLoaded:0 Bounds:IsValid=true, Min=(X=0.000 Y=0.000 Z=1020.000), Max=(X=0.000 Y=0.000 Z=1020.000) RuntimeGrid:None EditorOnly:0 RuntimeOnly:0 HLODRelevant:0 FolderPath:Lighting FolderGuid:963EC3EB4002CCE9759E2EBA541A873A
 |   |   |- Guid:D45F8FC7407F108A736E9EA12E16F3A6 BaseClass: NativeClass:/Script/Engine.StaticMeshActor Name:StaticMeshActor_UAID_C85ACF005BFE1B4701_1815062889 Label:Box SpatiallyLoaded:1 Bounds:IsValid=true, Min=(X=-2630.000 Y=-72.500 Z=0.000), Max=(X=-2530.000 Y=4052.500 Z=500.000) RuntimeGrid:None EditorOnly:0 RuntimeOnly:0 HLODRelevant:0
 |   |   |- Guid:D927BAAB4BDBC6C0C957C3A3932806A6 BaseClass: NativeClass:/Script/Engine.StaticMeshActor Name:StaticMeshActor_UAID_C85ACF005AB1FF4201_1743753735 Label:SM_Cube3 SpatiallyLoaded:1 Bounds:IsValid=true, Min=(X=350.000 Y=3890.000 Z=-50.000), Max=(X=1500.000 Y=5515.000 Z=0.000) RuntimeGrid:None EditorOnly:0 RuntimeOnly:0 HLODRelevant:1 FolderPath:Playground FolderGuid:C73F09FC4215536B1DCE2A9E0A830C70
 |   |   |- Guid:DBC730174A7F51D9E14433AEF0C30A39 BaseClass: NativeClass:/Script/Engine.StaticMeshActor Name:StaticMeshActor_24 Label:SM_Cube13 SpatiallyLoaded:1 Bounds:IsValid=true, Min=(X=300.000 Y=2700.000 Z=0.000), Max=(X=400.000 Y=2800.000 Z=200.000) RuntimeGrid:None EditorOnly:0 RuntimeOnly:0 HLODRelevant:1 FolderPath:Block03 FolderGuid:7B7009C345D3D6DD94D3429E1D79C034
 |   |   |- Guid:DBF67C054EC672FF49D3CA9F36F58433 BaseClass: NativeClass:/Script/Engine.StaticMeshActor Name:StaticMeshActor_UAID_C85ACF005BFE1B4701_1851029891 Label:Box3 SpatiallyLoaded:1 Bounds:IsValid=true, Min=(X=-3530.000 Y=-75.000 Z=0.000), Max=(X=-2630.000 Y=75.000 Z=500.000) RuntimeGrid:None EditorOnly:0 RuntimeOnly:0 HLODRelevant:0
 |   |   |- Guid:DE3A079B4635A6D8D620CCBC6C0BB1C0 BaseClass: NativeClass:/Script/Engine.StaticMeshActor Name:StaticMeshActor_35 Label:SM_QuarterCylinder14 SpatiallyLoaded:1 Bounds:IsValid=true, Min=(X=2200.000 Y=500.000 Z=0.000), Max=(X=2400.000 Y=700.000 Z=100.000) RuntimeGrid:None EditorOnly:0 RuntimeOnly:0 HLODRelevant:1 FolderPath:Cylinder FolderGuid:D075E5BA49330D3EC2503D81A7CF88D1
 |   |   |- Guid:E510B6C042934678A61B4C8E02DF8DAA BaseClass: NativeClass:/Script/Engine.StaticMeshActor Name:StaticMeshActor_UAID_C85ACF005AB1004301_2123999938 Label:AC_Unit_AC_Unit_Plane_002_AC_Unit_Plane_002_Rails SpatiallyLoaded:1 Bounds:IsValid=true, Min=(X=1630.000 Y=1980.000 Z=60.000), Max=(X=1630.000 Y=1980.000 Z=60.000) RuntimeGrid:None EditorOnly:0 RuntimeOnly:0 HLODRelevant:0
 |   |   |- Guid:E73E39994140315EB81324BF0A5D6400 BaseClass: NativeClass:/Script/Engine.StaticMeshActor Name:StaticMeshActor_10 Label:SM_ChamferCube2 SpatiallyLoaded:1 Bounds:IsValid=true, Min=(X=992.077 Y=2692.077 Z=0.013), Max=(X=1107.923 Y=2807.923 Z=100.013) RuntimeGrid:None EditorOnly:0 RuntimeOnly:0 HLODRelevant:0
 |   |   |- Guid:E864EE5542C27D6674BEBB9312F02BB4 BaseClass: NativeClass:/Script/Engine.StaticMeshActor Name:StaticMeshActor_23 Label:SM_QuarterCylinder5 SpatiallyLoaded:1 Bounds:IsValid=true, Min=(X=300.000 Y=2800.000 Z=0.000), Max=(X=400.000 Y=2900.000 Z=200.000) RuntimeGrid:None EditorOnly:0 RuntimeOnly:0 HLODRelevant:1 FolderPath:Block03 FolderGuid:7B7009C345D3D6DD94D3429E1D79C034
 |   |   |- Guid:EC4E0C944CE6AC6E784BC6BB2916EA13 BaseClass: NativeClass:/Script/Engine.StaticMeshActor Name:StaticMeshActor_UAID_A4AE111137DC5EFB00_1110535423 Label:SM_SkySphere SpatiallyLoaded:1 Bounds:IsValid=true, Min=(X=-1638400.000 Y=-1638400.000 Z=-1638400.000), Max=(X=1638400.000 Y=1638400.000 Z=1638400.000) RuntimeGrid:None EditorOnly:0 RuntimeOnly:0 HLODRelevant:1 FolderPath:Lighting FolderGuid:963EC3EB4002CCE9759E2EBA541A873A
 |   |   |- Guid:F1924B8D48954B30891B2DB6A694F9CC BaseClass: NativeClass:/Script/Engine.StaticMeshActor Name:StaticMeshActor_1 Label:SM_Cube SpatiallyLoaded:1 Bounds:IsValid=true, Min=(X=0.000 Y=-120.000 Z=-50.000), Max=(X=3000.000 Y=3355.000 Z=0.000) RuntimeGrid:None EditorOnly:0 RuntimeOnly:0 HLODRelevant:1 FolderPath:Playground FolderGuid:C73F09FC4215536B1DCE2A9E0A830C70
 |   |   |- Guid:F329CF3E4A28C0EE2F49BE948A514880 BaseClass: NativeClass:/Script/Engine.StaticMeshActor Name:StaticMeshActor_UAID_C85ACF005AB1004301_2123926932 Label:AC_Unit_AC_Unit_Plane_002_AC_Unit_Plane_002_Cables_And_Power_Switch SpatiallyLoaded:1 Bounds:IsValid=true, Min=(X=1630.000 Y=1980.000 Z=60.000), Max=(X=1630.000 Y=1980.000 Z=60.000) RuntimeGrid:None EditorOnly:0 RuntimeOnly:0 HLODRelevant:0 Parent:E510B6C042934678A61B4C8E02DF8DAA
 |   |   |- Guid:F5E3FEB3450C49844FD93DA8E083C8AD BaseClass: NativeClass:/Script/Engine.PostProcessVolume Name:PostProcessVolume_0 Label:PostProcessVolume SpatiallyLoaded:0 Bounds:IsValid=true, Min=(X=0.000 Y=0.000 Z=400.000), Max=(X=200.000 Y=200.000 Z=600.000) RuntimeGrid:None EditorOnly:0 RuntimeOnly:0 HLODRelevant:0 FolderPath:Lighting FolderGuid:963EC3EB4002CCE9759E2EBA541A873A
 |   |   |- Guid:F64043E241FB7B900BB2038D572DF886 BaseClass: NativeClass:/Script/Engine.Actor Name:BP_TelekineticProp_C_UAID_C85ACF005BFE244701_1375026495 Label:BP_TelekineticProp4 SpatiallyLoaded:1 Bounds:IsValid=true, Min=(X=-3076.190 Y=3007.680 Z=30.760), Max=(X=-2970.110 Y=3192.320 Z=129.240) RuntimeGrid:None EditorOnly:0 RuntimeOnly:0 HLODRelevant:0
 |   |   |- Guid:F8E141E041AEFBCF4BBFCA8A737C0E50 BaseClass: NativeClass:/Script/Engine.SpotLight Name:SpotLight_UAID_C85ACF005BFE1D4701_1780938252 Label:SpotLight3 SpatiallyLoaded:1 Bounds:IsValid=true, Min=(X=-3805.082 Y=64.918 Z=-940.164), Max=(X=-2414.918 Y=1455.082 Z=450.000) RuntimeGrid:None EditorOnly:0 RuntimeOnly:0 HLODRelevant:0
 |   |   |- Guid:FC49676B409FFFDE0F26C4880A95D774 BaseClass: NativeClass:/Script/Engine.Actor Name:BP_TelekineticProp_C_UAID_5081402FE52B2A4101_1730326191 Label:BP_TelekineticProp2 SpatiallyLoaded:1 Bounds:IsValid=true, Min=(X=-3296.190 Y=667.680 Z=30.760), Max=(X=-3190.110 Y=852.320 Z=129.240) RuntimeGrid:None EditorOnly:0 RuntimeOnly:0 HLODRelevant:0
 |   |- [+] Clusters:
 |   |   |- [+] [  0]
 |   |   |   |- Guid:B4D9430E4A94A35A2219308FE4A2C581 BaseClass: NativeClass:/Script/Engine.Character Name:BP_NPC_C_UAID_C85ACF005C3CC63C01_1538401367 Label:BP_NPC SpatiallyLoaded:1 Bounds:IsValid=true, Min=(X=1758.704 Y=1065.505 Z=-4.383), Max=(X=1834.000 Y=1194.211 Z=176.000) RuntimeGrid:None EditorOnly:0 RuntimeOnly:0 HLODRelevant:0
 |   |   |- [+] [  1]
 |   |   |   |- Guid:6BAF4DDD444C60371492D3919DB42C97 BaseClass: NativeClass:/Script/Engine.WorldDataLayers Name:WorldDataLayers Label:None SpatiallyLoaded:0 Bounds:IsValid=true, Min=(X=0.000 Y=0.000 Z=0.000), Max=(X=0.000 Y=0.000 Z=0.000) RuntimeGrid:None EditorOnly:0 RuntimeOnly:0 HLODRelevant:0
 |   |   |- [+] [  2]
 |   |   |   |- Guid:068D34EC4646499F4980DB8AB4E8BA06 BaseClass: NativeClass:/Script/Engine.Character Name:StationaryShooter_AI_C_UAID_5081402FF29BF84E01_1984781178 Label:StationaryShooter_AI SpatiallyLoaded:1 Bounds:IsValid=true, Min=(X=-4960.000 Y=2354.000 Z=-62.000), Max=(X=-4640.000 Y=2626.000 Z=258.000) RuntimeGrid:None EditorOnly:0 RuntimeOnly:0 HLODRelevant:0
 |   |   |- [+] [  3]
 |   |   |   |- Guid:59CE89D047C75FBE41189BA8ABD2CA2A BaseClass: NativeClass:/Script/Engine.StaticMeshActor Name:StaticMeshActor_18 Label:SM_QuarterCylinder SpatiallyLoaded:1 Bounds:IsValid=true, Min=(X=2500.000 Y=2800.000 Z=0.000), Max=(X=2600.000 Y=2900.000 Z=200.000) RuntimeGrid:None EditorOnly:0 RuntimeOnly:0 HLODRelevant:1 FolderPath:Block02 FolderGuid:EBA23F8248252949750E43911A3A1CDD
 |   |   |- [+] [  4]
 |   |   |   |- Guid:B95E03C548236E52E2D3D783B6B60FA9 BaseClass: NativeClass:/Script/Engine.SpotLight Name:SpotLight_UAID_C85ACF005BFE1D4701_1766578250 Label:SpotLight SpatiallyLoaded:1 Bounds:IsValid=true, Min=(X=-3805.082 Y=1014.918 Z=-940.164), Max=(X=-2414.918 Y=2405.082 Z=450.000) RuntimeGrid:None EditorOnly:0 RuntimeOnly:0 HLODRelevant:0
 |   |   |- [+] [  5]
 |   |   |   |- Guid:7785B61E44709ED4970AD0977FC87FC6 BaseClass: NativeClass:/Script/Engine.Actor Name:Light_Alarm_C_UAID_C85ACF005BFE1C4701_2010730071 Label:Light_Alarm SpatiallyLoaded:1 Bounds:IsValid=true, Min=(X=-3123.291 Y=1105.460 Z=264.881), Max=(X=-3092.270 Y=1129.531 Z=294.219) RuntimeGrid:None EditorOnly:0 RuntimeOnly:0 HLODRelevant:0
 |   |   |- [+] [  6]
 |   |   |   |- Guid:1F8E8FAD4005132167FBCB80F46D8A85 BaseClass: NativeClass:/Script/Engine.Actor Name:BP_TelekineticProp_C_UAID_5081402FE52B294101_1168835016 Label:BP_TelekineticProp SpatiallyLoaded:1 Bounds:IsValid=true, Min=(X=1048.274 Y=1782.000 Z=283.872), Max=(X=1136.274 Y=1958.000 Z=371.872) RuntimeGrid:None EditorOnly:0 RuntimeOnly:0 HLODRelevant:0
 |   |   |- [+] [  7]
 |   |   |   |- Guid:F5E3FEB3450C49844FD93DA8E083C8AD BaseClass: NativeClass:/Script/Engine.PostProcessVolume Name:PostProcessVolume_0 Label:PostProcessVolume SpatiallyLoaded:0 Bounds:IsValid=true, Min=(X=0.000 Y=0.000 Z=400.000), Max=(X=200.000 Y=200.000 Z=600.000) RuntimeGrid:None EditorOnly:0 RuntimeOnly:0 HLODRelevant:0 FolderPath:Lighting FolderGuid:963EC3EB4002CCE9759E2EBA541A873A
 |   |   |- [+] [  8]
 |   |   |   |- Guid:CCFF262C46EEFFDF319E7F9539CE697E BaseClass: NativeClass:/Script/Engine.SkyAtmosphere Name:SkyAtmosphere_0 Label:SkyAtmosphere SpatiallyLoaded:0 Bounds:IsValid=true, Min=(X=0.000 Y=0.000 Z=1020.000), Max=(X=0.000 Y=0.000 Z=1020.000) RuntimeGrid:None EditorOnly:0 RuntimeOnly:0 HLODRelevant:0 FolderPath:Lighting FolderGuid:963EC3EB4002CCE9759E2EBA541A873A
 |   |   |- [+] [  9]
 |   |   |   |- Guid:90A77D08431405044035F7ACC4F55FD3 BaseClass: NativeClass:/Script/Engine.Actor Name:BP_TelekineticProp_C_UAID_C85ACF005BFE244701_1370487494 Label:BP_TelekineticProp3 SpatiallyLoaded:1 Bounds:IsValid=true, Min=(X=-3936.190 Y=2777.680 Z=30.760), Max=(X=-3830.110 Y=2962.320 Z=129.240) RuntimeGrid:None EditorOnly:0 RuntimeOnly:0 HLODRelevant:0
 |   |   |- [+] [ 10]
 |   |   |   |- Guid:E73E39994140315EB81324BF0A5D6400 BaseClass: NativeClass:/Script/Engine.StaticMeshActor Name:StaticMeshActor_10 Label:SM_ChamferCube2 SpatiallyLoaded:1 Bounds:IsValid=true, Min=(X=992.077 Y=2692.077 Z=0.013), Max=(X=1107.923 Y=2807.923 Z=100.013) RuntimeGrid:None EditorOnly:0 RuntimeOnly:0 HLODRelevant:0
 |   |   |- [+] [ 11]
 |   |   |   |- Guid:5B97F4A64FB21F77EFC44386BF705B4C BaseClass: NativeClass:/Script/Engine.TextRenderActor Name:TextRenderActor_1 Label:TextRenderActor SpatiallyLoaded:1 Bounds:IsValid=true, Min=(X=-0.100 Y=1100.000 Z=65.013), Max=(X=-0.100 Y=2392.308 Z=215.013) RuntimeGrid:None EditorOnly:0 RuntimeOnly:0 HLODRelevant:0
 |   |   |- [+] [ 12]
 |   |   |   |- Guid:520C517F476B172DEF0447AFAC100EAB BaseClass: NativeClass:/Script/Engine.Actor Name:Puzzle_1_C_UAID_5081402FF29BF84E01_1181406177 Label:Puzzle_1 SpatiallyLoaded:1 Bounds:IsValid=true, Min=(X=-4256.190 Y=1207.680 Z=-29.240), Max=(X=-4150.110 Y=1392.320 Z=69.240) RuntimeGrid:None EditorOnly:0 RuntimeOnly:0 HLODRelevant:0
 |   |   |- [+] [ 13]
 |   |   |   |- Guid:AE7FE88846AEA1210ADC529D60A56F34 BaseClass: NativeClass:/Script/Engine.StaticMeshActor Name:StaticMeshActor_UAID_C85ACF005BFE1B4701_2003130893 Label:Box4 SpatiallyLoaded:1 Bounds:IsValid=true, Min=(X=-5715.000 Y=3320.000 Z=0.000), Max=(X=-2465.000 Y=3420.000 Z=1025.000) RuntimeGrid:None EditorOnly:0 RuntimeOnly:0 HLODRelevant:0
 |   |   |- [+] [ 14]
 |   |   |   |- Guid:548E936E47113883CEF990B34C16FE1C BaseClass: NativeClass:/Script/Engine.StaticMeshActor Name:StaticMeshActor_UAID_C85ACF005AB1FF4201_1951750745 Label:SM_Cube14 SpatiallyLoaded:1 Bounds:IsValid=true, Min=(X=1420.000 Y=4910.000 Z=10.000), Max=(X=1470.000 Y=5435.000 Z=410.000) RuntimeGrid:None EditorOnly:0 RuntimeOnly:0 HLODRelevant:1 FolderPath:Playground FolderGuid:C73F09FC4215536B1DCE2A9E0A830C70
 |   |   |- [+] [ 15]
 |   |   |   |- Guid:C54F939148161FCDFB62DB8CD3FEFF50 BaseClass: NativeClass:/Script/Engine.StaticMeshActor Name:StaticMeshActor_UAID_C85ACF005AB1FF4201_1942243744 Label:SM_Cube10 SpatiallyLoaded:1 Bounds:IsValid=true, Min=(X=1420.000 Y=3910.000 Z=10.000), Max=(X=1470.000 Y=4510.000 Z=410.000) RuntimeGrid:None EditorOnly:0 RuntimeOnly:0 HLODRelevant:1 FolderPath:Playground FolderGuid:C73F09FC4215536B1DCE2A9E0A830C70
 |   |   |- [+] [ 16]
 |   |   |   |- Guid:2290BD3A49C23481F718C888758CBD04 BaseClass:/Game/ThirdPerson/inspection_system/Chair.Chair_C NativeClass:/Script/Engine.Actor Name:Chair_C_UAID_C85ACF005C3C4D6F01_1989735927 Label:Chair SpatiallyLoaded:1 Bounds:IsValid=true, Min=(X=-4266.000 Y=50.000 Z=-750.000), Max=(X=-4074.000 Y=1550.000 Z=750.000) RuntimeGrid:None EditorOnly:0 RuntimeOnly:0 HLODRelevant:0
 |   |   |- [+] [ 17]
 |   |   |   |- Guid:4D3BE93F4146AAAC8BBE79999D96D57F BaseClass: NativeClass:/Script/Engine.VolumetricCloud Name:VolumetricCloud_0 Label:VolumetricCloud SpatiallyLoaded:0 Bounds:IsValid=true, Min=(X=0.000 Y=0.000 Z=820.000), Max=(X=0.000 Y=0.000 Z=820.000) RuntimeGrid:None EditorOnly:0 RuntimeOnly:0 HLODRelevant:0 FolderPath:Lighting FolderGuid:963EC3EB4002CCE9759E2EBA541A873A
 |   |   |- [+] [ 18]
 |   |   |   |- Guid:1B456F154899CDD8E5679F9429C0D7F4 BaseClass: NativeClass:/Script/Engine.SpotLight Name:SpotLight_UAID_C85ACF005BFE1D4701_1807325253 Label:SpotLight4 SpatiallyLoaded:1 Bounds:IsValid=true, Min=(X=-3805.082 Y=-235.082 Z=-940.164), Max=(X=-2414.918 Y=1155.082 Z=450.000) RuntimeGrid:None EditorOnly:0 RuntimeOnly:0 HLODRelevant:0
 |   |   |- [+] [ 19]
 |   |   |   |- Guid:DBC730174A7F51D9E14433AEF0C30A39 BaseClass: NativeClass:/Script/Engine.StaticMeshActor Name:StaticMeshActor_24 Label:SM_Cube13 SpatiallyLoaded:1 Bounds:IsValid=true, Min=(X=300.000 Y=2700.000 Z=0.000), Max=(X=400.000 Y=2800.000 Z=200.000) RuntimeGrid:None EditorOnly:0 RuntimeOnly:0 HLODRelevant:1 FolderPath:Block03 FolderGuid:7B7009C345D3D6DD94D3429E1D79C034
 |   |   |- [+] [ 20]
 |   |   |   |- Guid:1A789DC8415097E9856E5DB60740F01D BaseClass: NativeClass:/Script/Engine.StaticMeshActor Name:StaticMeshActor_34 Label:SM_QuarterCylinder13 SpatiallyLoaded:1 Bounds:IsValid=true, Min=(X=2000.000 Y=500.000 Z=0.000), Max=(X=2200.000 Y=700.000 Z=100.000) RuntimeGrid:None EditorOnly:0 RuntimeOnly:0 HLODRelevant:1 FolderPath:Cylinder FolderGuid:D075E5BA49330D3EC2503D81A7CF88D1
 |   |   |- [+] [ 21]
 |   |   |   |- Guid:9BFF363746062F457E2F92A4631DBA20 BaseClass: NativeClass:/Script/Engine.StaticMeshActor Name:StaticMeshActor_11 Label:SM_ChamferCube3 SpatiallyLoaded:1 Bounds:IsValid=true, Min=(X=481.699 Y=2271.699 Z=0.013), Max=(X=618.301 Y=2408.301 Z=100.013) RuntimeGrid:None EditorOnly:0 RuntimeOnly:0 HLODRelevant:0
 |   |   |- [+] [ 22]
 |   |   |   |- Guid:67CC52C648353559910E1898B2A8356A BaseClass: NativeClass:/Script/Engine.SpotLight Name:SpotLight_UAID_C85ACF005BFE1D4701_1777489251 Label:SpotLight2 SpatiallyLoaded:1 Bounds:IsValid=true, Min=(X=-3805.082 Y=524.918 Z=-940.164), Max=(X=-2414.918 Y=1915.082 Z=450.000) RuntimeGrid:None EditorOnly:0 RuntimeOnly:0 HLODRelevant:0
 |   |   |- [+] [ 23]
 |   |   |   |- Guid:EC4E0C944CE6AC6E784BC6BB2916EA13 BaseClass: NativeClass:/Script/Engine.StaticMeshActor Name:StaticMeshActor_UAID_A4AE111137DC5EFB00_1110535423 Label:SM_SkySphere SpatiallyLoaded:1 Bounds:IsValid=true, Min=(X=-1638400.000 Y=-1638400.000 Z=-1638400.000), Max=(X=1638400.000 Y=1638400.000 Z=1638400.000) RuntimeGrid:None EditorOnly:0 RuntimeOnly:0 HLODRelevant:1 FolderPath:Lighting FolderGuid:963EC3EB4002CCE9759E2EBA541A873A
 |   |   |- [+] [ 24]
 |   |   |   |- Guid:D45F8FC7407F108A736E9EA12E16F3A6 BaseClass: NativeClass:/Script/Engine.StaticMeshActor Name:StaticMeshActor_UAID_C85ACF005BFE1B4701_1815062889 Label:Box SpatiallyLoaded:1 Bounds:IsValid=true, Min=(X=-2630.000 Y=-72.500 Z=0.000), Max=(X=-2530.000 Y=4052.500 Z=500.000) RuntimeGrid:None EditorOnly:0 RuntimeOnly:0 HLODRelevant:0
 |   |   |- [+] [ 25]
 |   |   |   |- Guid:CA6CA03D4FB7145E030B1CA657B28D5A BaseClass: NativeClass:/Script/Engine.StaticMeshActor Name:StaticMeshActor_UAID_C85ACF005BFE1C4701_2016504072 Label:Box5 SpatiallyLoaded:1 Bounds:IsValid=true, Min=(X=-3580.000 Y=-60.000 Z=440.000), Max=(X=-2605.000 Y=2440.000 Z=540.000) RuntimeGrid:None EditorOnly:0 RuntimeOnly:0 HLODRelevant:0
 |   |   |- [+] [ 26]
 |   |   |   |- Guid:1B9598344A1F20E1A5125DA8A7E9FC0F BaseClass: NativeClass:/Script/Engine.StaticMeshActor Name:StaticMeshActor_22 Label:SM_QuarterCylinder4 SpatiallyLoaded:1 Bounds:IsValid=true, Min=(X=300.000 Y=2600.000 Z=0.000), Max=(X=400.000 Y=2700.000 Z=200.000) RuntimeGrid:None EditorOnly:0 RuntimeOnly:0 HLODRelevant:1 FolderPath:Block03 FolderGuid:7B7009C345D3D6DD94D3429E1D79C034
 |   |   |- [+] [ 27]
 |   |   |   |- Guid:D927BAAB4BDBC6C0C957C3A3932806A6 BaseClass: NativeClass:/Script/Engine.StaticMeshActor Name:StaticMeshActor_UAID_C85ACF005AB1FF4201_1743753735 Label:SM_Cube3 SpatiallyLoaded:1 Bounds:IsValid=true, Min=(X=350.000 Y=3890.000 Z=-50.000), Max=(X=1500.000 Y=5515.000 Z=0.000) RuntimeGrid:None EditorOnly:0 RuntimeOnly:0 HLODRelevant:1 FolderPath:Playground FolderGuid:C73F09FC4215536B1DCE2A9E0A830C70
 |   |   |- [+] [ 28]
 |   |   |   |- Guid:43815E84492231AFC407F59E3C28176B BaseClass: NativeClass:/Script/Engine.StaticMeshActor Name:StaticMeshActor_4 Label:SM_Cube6 SpatiallyLoaded:1 Bounds:IsValid=true, Min=(X=2900.000 Y=100.000 Z=0.000), Max=(X=3000.000 Y=3400.000 Z=400.000) RuntimeGrid:None EditorOnly:0 RuntimeOnly:0 HLODRelevant:1 FolderPath:Playground FolderGuid:C73F09FC4215536B1DCE2A9E0A830C70
 |   |   |- [+] [ 29]
 |   |   |   |- Guid:316A30BB4B646FE66E770492D48BEB87 BaseClass: NativeClass:/Script/Engine.StaticMeshActor Name:StaticMeshActor_UAID_C85ACF005BFE1B4701_1778798887 Label:SM_Cube15 SpatiallyLoaded:1 Bounds:IsValid=true, Min=(X=-5430.000 Y=-120.000 Z=-50.000), Max=(X=-2455.000 Y=3355.000 Z=0.000) RuntimeGrid:None EditorOnly:0 RuntimeOnly:0 HLODRelevant:1 FolderPath:Playground FolderGuid:C73F09FC4215536B1DCE2A9E0A830C70
 |   |   |- [+] [ 30]
 |   |   |   |- Guid:7587444F4FB13B9B9CD114BBE7885340 BaseClass: NativeClass:/Script/Engine.StaticMeshActor Name:StaticMeshActor_19 Label:SM_QuarterCylinder2 SpatiallyLoaded:1 Bounds:IsValid=true, Min=(X=2500.000 Y=2600.000 Z=0.000), Max=(X=2600.000 Y=2700.000 Z=200.000) RuntimeGrid:None EditorOnly:0 RuntimeOnly:0 HLODRelevant:1 FolderPath:Block02 FolderGuid:EBA23F8248252949750E43911A3A1CDD
 |   |   |- [+] [ 31]
 |   |   |   |- Guid:B785ED2844B84CFB91E7F39FE661CD99 BaseClass: NativeClass:/Script/Engine.DirectionalLight Name:DirectionalLight_0 Label:DirectionalLight SpatiallyLoaded:0 Bounds:IsValid=true, Min=(X=-1048576.000 Y=-1048576.000 Z=-1048576.000), Max=(X=1048576.000 Y=1048576.000 Z=1048576.000) RuntimeGrid:None EditorOnly:0 RuntimeOnly:0 HLODRelevant:0 FolderPath:Lighting FolderGuid:963EC3EB4002CCE9759E2EBA541A873A
 |   |   |- [+] [ 32]
 |   |   |   |- Guid:2ABA8AB541C538B7C3097DA838BE2929 BaseClass: NativeClass:/Script/Engine.StaticMeshActor Name:StaticMeshActor_UAID_C85ACF005AB1004301_1298028926 Label:oldPipe_FBX_pipeJoint_geo SpatiallyLoaded:1 Bounds:IsValid=true, Min=(X=1306.054 Y=4587.285 Z=49.980), Max=(X=1367.005 Y=4641.444 Z=106.262) RuntimeGrid:None EditorOnly:0 RuntimeOnly:0 HLODRelevant:1 Parent:1E8ED0204649FA9A5AEFCC91E6E600CC
 |   |   |   |- Guid:A2EE575441F18554F04B778120277BF7 BaseClass: NativeClass:/Script/Engine.StaticMeshActor Name:StaticMeshActor_UAID_C85ACF005AB1004301_1298015925 Label:oldPipe_FBX_brace_geo SpatiallyLoaded:1 Bounds:IsValid=true, Min=(X=1306.970 Y=4551.513 Z=-0.711), Max=(X=1432.623 Y=4817.369 Z=89.478) RuntimeGrid:None EditorOnly:0 RuntimeOnly:0 HLODRelevant:1 Parent:1E8ED0204649FA9A5AEFCC91E6E600CC
 |   |   |   |- Guid:C9058B5D471EA25314B5F7967A083073 BaseClass: NativeClass:/Script/Engine.StaticMeshActor Name:StaticMeshActor_UAID_C85ACF005AB1004301_1298041927 Label:oldPipe_FBX_pipeline_geo SpatiallyLoaded:1 Bounds:IsValid=true, Min=(X=1311.401 Y=4501.584 Z=11.477), Max=(X=1439.543 Y=4936.334 Z=97.969) RuntimeGrid:None EditorOnly:0 RuntimeOnly:0 HLODRelevant:1 Parent:1E8ED0204649FA9A5AEFCC91E6E600CC
 |   |   |   |- Guid:1E8ED0204649FA9A5AEFCC91E6E600CC BaseClass: NativeClass:/Script/Engine.StaticMeshActor Name:StaticMeshActor_UAID_C85ACF005AB1004301_1298053928 Label:oldPipe_FBX_valve_geo SpatiallyLoaded:1 Bounds:IsValid=true, Min=(X=1290.374 Y=4586.352 Z=75.745), Max=(X=1334.517 Y=4626.765 Z=122.387) RuntimeGrid:None EditorOnly:0 RuntimeOnly:0 HLODRelevant:1
 |   |   |- [+] [ 33]
 |   |   |   |- Guid:5E4DB4154690C8B4EB14EAA9E92FAAFF BaseClass: NativeClass:/Script/Engine.StaticMeshActor Name:StaticMeshActor_33 Label:SM_QuarterCylinder12 SpatiallyLoaded:1 Bounds:IsValid=true, Min=(X=2000.000 Y=700.000 Z=0.000), Max=(X=2200.000 Y=900.000 Z=100.000) RuntimeGrid:None EditorOnly:0 RuntimeOnly:0 HLODRelevant:1 FolderPath:Cylinder FolderGuid:D075E5BA49330D3EC2503D81A7CF88D1
 |   |   |- [+] [ 34]
 |   |   |   |- Guid:7C172A0740B33B6D38EEF38A63E0B945 BaseClass: NativeClass:/Script/Engine.StaticMeshActor Name:StaticMeshActor_3 Label:SM_Ramp SpatiallyLoaded:1 Bounds:IsValid=true, Min=(X=1300.000 Y=600.000 Z=0.000), Max=(X=1700.000 Y=800.000 Z=30.000) RuntimeGrid:None EditorOnly:0 RuntimeOnly:0 HLODRelevant:1
 |   |   |- [+] [ 35]
 |   |   |   |- Guid:316CF2A6494ACA4C0E4180A87D36AB8F BaseClass: NativeClass:/Script/Engine.ExponentialHeightFog Name:ExponentialHeightFog_0 Label:ExponentialHeightFog SpatiallyLoaded:0 Bounds:IsValid=true, Min=(X=-5600.000 Y=-50.000 Z=-6850.000), Max=(X=-5600.000 Y=-50.000 Z=-6850.000) RuntimeGrid:None EditorOnly:0 RuntimeOnly:0 HLODRelevant:0 FolderPath:Lighting FolderGuid:963EC3EB4002CCE9759E2EBA541A873A
 |   |   |- [+] [ 36]
 |   |   |   |- Guid:DE3A079B4635A6D8D620CCBC6C0BB1C0 BaseClass: NativeClass:/Script/Engine.StaticMeshActor Name:StaticMeshActor_35 Label:SM_QuarterCylinder14 SpatiallyLoaded:1 Bounds:IsValid=true, Min=(X=2200.000 Y=500.000 Z=0.000), Max=(X=2400.000 Y=700.000 Z=100.000) RuntimeGrid:None EditorOnly:0 RuntimeOnly:0 HLODRelevant:1 FolderPath:Cylinder FolderGuid:D075E5BA49330D3EC2503D81A7CF88D1
 |   |   |- [+] [ 37]
 |   |   |   |- Guid:F1924B8D48954B30891B2DB6A694F9CC BaseClass: NativeClass:/Script/Engine.StaticMeshActor Name:StaticMeshActor_1 Label:SM_Cube SpatiallyLoaded:1 Bounds:IsValid=true, Min=(X=0.000 Y=-120.000 Z=-50.000), Max=(X=3000.000 Y=3355.000 Z=0.000) RuntimeGrid:None EditorOnly:0 RuntimeOnly:0 HLODRelevant:1 FolderPath:Playground FolderGuid:C73F09FC4215536B1DCE2A9E0A830C70
 |   |   |- [+] [ 38]
 |   |   |   |- Guid:A11AE911410F11E0A704C293963526BD BaseClass: NativeClass:/Script/NavigationSystem.NavMeshBoundsVolume Name:NavMeshBoundsVolume_UAID_C85ACF005A1F294B01_2097017575 Label:NavMeshBoundsVolume SpatiallyLoaded:0 Bounds:IsValid=true, Min=(X=-6340.000 Y=185.000 Z=-1575.000), Max=(X=-2440.000 Y=4135.000 Z=1575.000) RuntimeGrid:None EditorOnly:0 RuntimeOnly:0 HLODRelevant:0
 |   |   |- [+] [ 39]
 |   |   |   |- Guid:67A57BAE4D11156C1D0D26A9A4B1AC4B BaseClass: NativeClass:/Script/Engine.StaticMeshActor Name:StaticMeshActor_UAID_C85ACF005AB1FF4201_1752699736 Label:SM_Cube4 SpatiallyLoaded:1 Bounds:IsValid=true, Min=(X=350.000 Y=3840.000 Z=10.000), Max=(X=1500.000 Y=3890.000 Z=910.000) RuntimeGrid:None EditorOnly:0 RuntimeOnly:0 HLODRelevant:1 FolderPath:Playground FolderGuid:C73F09FC4215536B1DCE2A9E0A830C70
 |   |   |- [+] [ 40]
 |   |   |   |- Guid:633F13E54B283EDF99AEC6842E02DDEC BaseClass:/Game/ThirdPerson/inspection_system/Chair.Chair_C NativeClass:/Script/Engine.Actor Name:Chair_C_UAID_C85ACF005C3C536F01_1122857986 Label:Chair SpatiallyLoaded:1 Bounds:IsValid=true, Min=(X=-4366.000 Y=534.000 Z=-96.000), Max=(X=-4174.000 Y=726.000 Z=113.371) RuntimeGrid:None EditorOnly:0 RuntimeOnly:0 HLODRelevant:0
 |   |   |- [+] [ 41]
 |   |   |   |- Guid:03155E9F47E645BE66C29593856BA02C BaseClass: NativeClass:/Script/Engine.StaticMeshActor Name:StaticMeshActor_UAID_C85ACF005BFE204701_1722238788 Label:Box6 SpatiallyLoaded:1 Bounds:IsValid=true, Min=(X=-5530.000 Y=95.000 Z=0.000), Max=(X=-5430.000 Y=3345.000 Z=1025.000) RuntimeGrid:None EditorOnly:0 RuntimeOnly:0 HLODRelevant:0
 |   |   |- [+] [ 42]
 |   |   |   |- Guid:FC49676B409FFFDE0F26C4880A95D774 BaseClass: NativeClass:/Script/Engine.Actor Name:BP_TelekineticProp_C_UAID_5081402FE52B2A4101_1730326191 Label:BP_TelekineticProp2 SpatiallyLoaded:1 Bounds:IsValid=true, Min=(X=-3296.190 Y=667.680 Z=30.760), Max=(X=-3190.110 Y=852.320 Z=129.240) RuntimeGrid:None EditorOnly:0 RuntimeOnly:0 HLODRelevant:0
 |   |   |- [+] [ 43]
 |   |   |   |- Guid:2FB58999456391D349DC0F86DAC136ED BaseClass: NativeClass:/Script/Engine.SkyLight Name:SkyLight_1 Label:SkyLight SpatiallyLoaded:0 Bounds:IsValid=true, Min=(X=0.000 Y=0.000 Z=690.000), Max=(X=0.000 Y=0.000 Z=690.000) RuntimeGrid:None EditorOnly:0 RuntimeOnly:0 HLODRelevant:0 FolderPath:Lighting FolderGuid:963EC3EB4002CCE9759E2EBA541A873A
 |   |   |- [+] [ 44]
 |   |   |   |- Guid:11DE3D304F2869A97FCFC985E3068603 BaseClass: NativeClass:/Script/Engine.Actor Name:Portal_BP_C_UAID_C85ACF005856414F01_1576606023 Label:Portal_BP SpatiallyLoaded:1 Bounds:IsValid=true, Min=(X=-4800.000 Y=1700.000 Z=-0.000), Max=(X=-4640.000 Y=1952.419 Z=211.996) RuntimeGrid:None EditorOnly:0 RuntimeOnly:0 HLODRelevant:0
 |   |   |- [+] [ 45]
 |   |   |   |- Guid:F64043E241FB7B900BB2038D572DF886 BaseClass: NativeClass:/Script/Engine.Actor Name:BP_TelekineticProp_C_UAID_C85ACF005BFE244701_1375026495 Label:BP_TelekineticProp4 SpatiallyLoaded:1 Bounds:IsValid=true, Min=(X=-3076.190 Y=3007.680 Z=30.760), Max=(X=-2970.110 Y=3192.320 Z=129.240) RuntimeGrid:None EditorOnly:0 RuntimeOnly:0 HLODRelevant:0
 |   |   |- [+] [ 46]
 |   |   |   |- Guid:6B4A523A4133A6DC2310278AAD99FA73 BaseClass: NativeClass:/Script/Engine.StaticMeshActor Name:StaticMeshActor_UAID_C85ACF005BFE204701_1697210787 Label:Cube SpatiallyLoaded:1 Bounds:IsValid=true, Min=(X=-5420.000 Y=2830.000 Z=2.500), Max=(X=-4920.000 Y=3330.000 Z=277.500) RuntimeGrid:None EditorOnly:0 RuntimeOnly:0 HLODRelevant:1
 |   |   |- [+] [ 47]
 |   |   |   |- Guid:E864EE5542C27D6674BEBB9312F02BB4 BaseClass: NativeClass:/Script/Engine.StaticMeshActor Name:StaticMeshActor_23 Label:SM_QuarterCylinder5 SpatiallyLoaded:1 Bounds:IsValid=true, Min=(X=300.000 Y=2800.000 Z=0.000), Max=(X=400.000 Y=2900.000 Z=200.000) RuntimeGrid:None EditorOnly:0 RuntimeOnly:0 HLODRelevant:1 FolderPath:Block03 FolderGuid:7B7009C345D3D6DD94D3429E1D79C034
 |   |   |- [+] [ 48]
 |   |   |   |- Guid:3B683A81498B2F0EFD2713BB0380731D BaseClass: NativeClass:/Script/Engine.StaticMeshActor Name:StaticMeshActor_UAID_C85ACF005BFE204701_1730165789 Label:Box7 SpatiallyLoaded:1 Bounds:IsValid=true, Min=(X=-5447.500 Y=190.000 Z=0.000), Max=(X=-3572.500 Y=290.000 Z=1025.000) RuntimeGrid:None EditorOnly:0 RuntimeOnly:0 HLODRelevant:0
 |   |   |- [+] [ 49]
 |   |   |   |- Guid:A56216954B2165CF0F35A886B537D536 BaseClass: NativeClass:/Script/Engine.StaticMeshActor Name:StaticMeshActor_0 Label:SM_Cube5 SpatiallyLoaded:1 Bounds:IsValid=true, Min=(X=-0.000 Y=100.000 Z=0.000), Max=(X=100.000 Y=3400.000 Z=400.000) RuntimeGrid:None EditorOnly:0 RuntimeOnly:0 HLODRelevant:1 FolderPath:Playground FolderGuid:C73F09FC4215536B1DCE2A9E0A830C70
 |   |   |- [+] [ 50]
 |   |   |   |- Guid:A3BAF8B44A3D93F5F52F938FB9A447F4 BaseClass: NativeClass:/Script/Engine.StaticMeshActor Name:StaticMeshActor_UAID_C85ACF005AB1FF4201_1766735738 Label:SM_Cube9 SpatiallyLoaded:1 Bounds:IsValid=true, Min=(X=1420.000 Y=3910.000 Z=390.000), Max=(X=1470.000 Y=5435.000 Z=890.000) RuntimeGrid:None EditorOnly:0 RuntimeOnly:0 HLODRelevant:1 FolderPath:Playground FolderGuid:C73F09FC4215536B1DCE2A9E0A830C70
 |   |   |- [+] [ 51]
 |   |   |   |- Guid:98AAFD4B4557EF7B5DCA0E83F3C78857 BaseClass: NativeClass:/Script/Engine.Actor Name:Portal_BP_2_C_UAID_C85ACF005856414F01_1594941024 Label:Portal_BP_2 SpatiallyLoaded:1 Bounds:IsValid=true, Min=(X=1690.000 Y=1907.581 Z=-0.000), Max=(X=1850.000 Y=2160.000 Z=211.996) RuntimeGrid:None EditorOnly:0 RuntimeOnly:0 HLODRelevant:0
 |   |   |- [+] [ 52]
 |   |   |   |- Guid:C324A12E4790CD177567C78389EF211B BaseClass:/Game/ThirdPerson/inspection_system/Cool_chair.Cool_chair_C NativeClass:/Script/Engine.Actor Name:Cool_chair_C_UAID_C85ACF005C3C556F01_2078777340 Label:Cool_chair SpatiallyLoaded:1 Bounds:IsValid=true, Min=(X=-4142.000 Y=778.000 Z=-12.000), Max=(X=-3998.000 Y=922.000 Z=132.000) RuntimeGrid:None EditorOnly:0 RuntimeOnly:0 HLODRelevant:0
 |   |   |- [+] [ 53]
 |   |   |   |- Guid:08F9DC56444CFFF3F13B379E81EF05BC BaseClass: NativeClass:/Script/Engine.StaticMeshActor Name:StaticMeshActor_16 Label:SM_Cube11 SpatiallyLoaded:1 Bounds:IsValid=true, Min=(X=400.000 Y=2600.000 Z=0.000), Max=(X=700.000 Y=2900.000 Z=200.000) RuntimeGrid:None EditorOnly:0 RuntimeOnly:0 HLODRelevant:1 FolderPath:Block03 FolderGuid:7B7009C345D3D6DD94D3429E1D79C034
 |   |   |- [+] [ 54]
 |   |   |   |- Guid:94F6D9A645798F5BAD0B58BEED8F27F5 BaseClass: NativeClass:/Script/Engine.StaticMeshActor Name:StaticMeshActor_32 Label:SM_QuarterCylinder11 SpatiallyLoaded:1 Bounds:IsValid=true, Min=(X=2200.000 Y=700.000 Z=-0.000), Max=(X=2400.000 Y=900.000 Z=100.000) RuntimeGrid:None EditorOnly:0 RuntimeOnly:0 HLODRelevant:1 FolderPath:Cylinder FolderGuid:D075E5BA49330D3EC2503D81A7CF88D1
 |   |   |- [+] [ 55]
 |   |   |   |- Guid:B644C4E640D9B0F3D06F509076D78416 BaseClass: NativeClass:/Script/Engine.StaticMeshActor Name:StaticMeshActor_UAID_C85ACF005BFE1B4701_1889127892 Label:Box2 SpatiallyLoaded:1 Bounds:IsValid=true, Min=(X=-3630.000 Y=-60.000 Z=0.000), Max=(X=-3530.000 Y=2440.000 Z=500.000) RuntimeGrid:None EditorOnly:0 RuntimeOnly:0 HLODRelevant:0
 |   |   |- [+] [ 56]
 |   |   |   |- Guid:DBF67C054EC672FF49D3CA9F36F58433 BaseClass: NativeClass:/Script/Engine.StaticMeshActor Name:StaticMeshActor_UAID_C85ACF005BFE1B4701_1851029891 Label:Box3 SpatiallyLoaded:1 Bounds:IsValid=true, Min=(X=-3530.000 Y=-75.000 Z=0.000), Max=(X=-2630.000 Y=75.000 Z=500.000) RuntimeGrid:None EditorOnly:0 RuntimeOnly:0 HLODRelevant:0
 |   |   |- [+] [ 57]
 |   |   |   |- Guid:12B98FD342C14363928355AD384335FB BaseClass: NativeClass:/Script/Engine.StaticMeshActor Name:StaticMeshActor_UAID_C85ACF005AB1FF4201_1762206737 Label:SM_Cube7 SpatiallyLoaded:1 Bounds:IsValid=true, Min=(X=350.000 Y=5450.000 Z=10.000), Max=(X=1500.000 Y=5500.000 Z=910.000) RuntimeGrid:None EditorOnly:0 RuntimeOnly:0 HLODRelevant:1 FolderPath:Playground FolderGuid:C73F09FC4215536B1DCE2A9E0A830C70
 |   |   |- [+] [ 58]
 |   |   |   |- Guid:26B8C3BE41021A3F42B61FA534F9181E BaseClass: NativeClass:/Script/Engine.StaticMeshActor Name:StaticMeshActor_20 Label:SM_Cube12 SpatiallyLoaded:1 Bounds:IsValid=true, Min=(X=2500.000 Y=2700.000 Z=0.000), Max=(X=2600.000 Y=2800.000 Z=200.000) RuntimeGrid:None EditorOnly:0 RuntimeOnly:0 HLODRelevant:1 FolderPath:Block02 FolderGuid:EBA23F8248252949750E43911A3A1CDD
 |   |   |- [+] [ 59]
 |   |   |   |- Guid:BC08B79C4EA3C961CFF75EBBE83B367D BaseClass: NativeClass:/Script/Engine.StaticMeshActor Name:StaticMeshActor_5 Label:SM_Cube2 SpatiallyLoaded:1 Bounds:IsValid=true, Min=(X=0.000 Y=0.000 Z=0.000), Max=(X=3000.000 Y=100.000 Z=400.000) RuntimeGrid:None EditorOnly:0 RuntimeOnly:0 HLODRelevant:1 FolderPath:Playground FolderGuid:C73F09FC4215536B1DCE2A9E0A830C70
 |   |   |- [+] [ 60]
 |   |   |   |- Guid:745A095B4BA4E157E4537FA63F5B7B43 BaseClass: NativeClass:/Script/Engine.StaticMeshActor Name:StaticMeshActor_2 Label:SM_ChamferCube SpatiallyLoaded:1 Bounds:IsValid=true, Min=(X=890.000 Y=1470.000 Z=0.013), Max=(X=990.000 Y=1570.000 Z=100.013) RuntimeGrid:None EditorOnly:0 RuntimeOnly:0 HLODRelevant:0
 |   |   |- [+] [ 61]
 |   |   |   |- Guid:3A00AA1C422CE54C0BDB60BAF471BFBB BaseClass: NativeClass:/Script/Engine.PlayerStart Name:PlayerStart_0 Label:PlayerStart SpatiallyLoaded:0 Bounds:IsValid=true, Min=(X=-4760.000 Y=1460.000 Z=10.013), Max=(X=-4680.000 Y=1540.000 Z=194.013) RuntimeGrid:None EditorOnly:0 RuntimeOnly:0 HLODRelevant:0
 |   |   |- [+] [ 62]
 |   |   |   |- Guid:2BFC141B46D6F71F7024BA86E67E31DB BaseClass: NativeClass:/Script/Engine.StaticMeshActor Name:StaticMeshActor_UAID_C85ACF005A1F2B4B01_1865246928 Label:Cube2 SpatiallyLoaded:1 Bounds:IsValid=true, Min=(X=-3320.000 Y=2092.500 Z=60.000), Max=(X=-2920.000 Y=2567.500 Z=160.000) RuntimeGrid:None EditorOnly:0 RuntimeOnly:0 HLODRelevant:1
 |   |   |- [+] [ 63]
 |   |   |   |- Guid:1B174BC7470EC7C0C01123A30DCDC6EC BaseClass: NativeClass:/Script/Engine.StaticMeshActor Name:StaticMeshActor_UAID_C85ACF005AB1004301_2123987937 Label:AC_Unit_AC_Unit_Plane_002_AC_Unit_Plane_002_Radiator SpatiallyLoaded:1 Bounds:IsValid=true, Min=(X=1630.000 Y=1980.000 Z=60.000), Max=(X=1630.000 Y=1980.000 Z=60.000) RuntimeGrid:None EditorOnly:0 RuntimeOnly:0 HLODRelevant:0 Parent:E510B6C042934678A61B4C8E02DF8DAA
 |   |   |   |- Guid:32FF6CDD44820A7F136D34BE5F1949BE BaseClass: NativeClass:/Script/Engine.StaticMeshActor Name:StaticMeshActor_UAID_C85ACF005AB1004301_2123975936 Label:AC_Unit_AC_Unit_Plane_002_AC_Unit_Plane_002_Net SpatiallyLoaded:1 Bounds:IsValid=true, Min=(X=1630.000 Y=1980.000 Z=60.000), Max=(X=1630.000 Y=1980.000 Z=60.000) RuntimeGrid:None EditorOnly:0 RuntimeOnly:0 HLODRelevant:0 Parent:E510B6C042934678A61B4C8E02DF8DAA
 |   |   |   |- Guid:ACB497794EE7CBB3CE33FEBEAC4BB4D9 BaseClass: NativeClass:/Script/Engine.StaticMeshActor Name:StaticMeshActor_UAID_C85ACF005AB1004301_2123962935 Label:AC_Unit_AC_Unit_Plane_002_AC_Unit_Plane_002_Main_Body SpatiallyLoaded:1 Bounds:IsValid=true, Min=(X=1630.000 Y=1980.000 Z=60.000), Max=(X=1630.000 Y=1980.000 Z=60.000) RuntimeGrid:None EditorOnly:0 RuntimeOnly:0 HLODRelevant:0 Parent:E510B6C042934678A61B4C8E02DF8DAA
 |   |   |   |- Guid:F329CF3E4A28C0EE2F49BE948A514880 BaseClass: NativeClass:/Script/Engine.StaticMeshActor Name:StaticMeshActor_UAID_C85ACF005AB1004301_2123926932 Label:AC_Unit_AC_Unit_Plane_002_AC_Unit_Plane_002_Cables_And_Power_Switch SpatiallyLoaded:1 Bounds:IsValid=true, Min=(X=1630.000 Y=1980.000 Z=60.000), Max=(X=1630.000 Y=1980.000 Z=60.000) RuntimeGrid:None EditorOnly:0 RuntimeOnly:0 HLODRelevant:0 Parent:E510B6C042934678A61B4C8E02DF8DAA
 |   |   |   |- Guid:17D0AA9A4E27DBF82CE10C9E21D0A243 BaseClass: NativeClass:/Script/Engine.StaticMeshActor Name:StaticMeshActor_UAID_C85ACF005AB1004301_2123938933 Label:AC_Unit_AC_Unit_Plane_002_AC_Unit_Plane_002_Fan SpatiallyLoaded:1 Bounds:IsValid=true, Min=(X=1630.000 Y=1980.000 Z=60.000), Max=(X=1630.000 Y=1980.000 Z=60.000) RuntimeGrid:None EditorOnly:0 RuntimeOnly:0 HLODRelevant:0 Parent:E510B6C042934678A61B4C8E02DF8DAA
 |   |   |   |- Guid:B2A887C34F8F0A68C98CDEBB9A385474 BaseClass: NativeClass:/Script/Engine.StaticMeshActor Name:StaticMeshActor_UAID_C85ACF005AB1004301_2123912931 Label:AC_Unit_AC_Unit_Plane_002_AC_Unit_Plane_002_Bolts SpatiallyLoaded:1 Bounds:IsValid=true, Min=(X=1630.000 Y=1980.000 Z=60.000), Max=(X=1630.000 Y=1980.000 Z=60.000) RuntimeGrid:None EditorOnly:0 RuntimeOnly:0 HLODRelevant:0 Parent:E510B6C042934678A61B4C8E02DF8DAA
 |   |   |   |- Guid:722E414743EE0586D21AE58828D24E54 BaseClass: NativeClass:/Script/Engine.StaticMeshActor Name:StaticMeshActor_UAID_C85ACF005AB1004301_2123950934 Label:AC_Unit_AC_Unit_Plane_002_AC_Unit_Plane_002_Front_Grill SpatiallyLoaded:1 Bounds:IsValid=true, Min=(X=1630.000 Y=1980.000 Z=60.000), Max=(X=1630.000 Y=1980.000 Z=60.000) RuntimeGrid:None EditorOnly:0 RuntimeOnly:0 HLODRelevant:0 Parent:E510B6C042934678A61B4C8E02DF8DAA
 |   |   |   |- Guid:E510B6C042934678A61B4C8E02DF8DAA BaseClass: NativeClass:/Script/Engine.StaticMeshActor Name:StaticMeshActor_UAID_C85ACF005AB1004301_2123999938 Label:AC_Unit_AC_Unit_Plane_002_AC_Unit_Plane_002_Rails SpatiallyLoaded:1 Bounds:IsValid=true, Min=(X=1630.000 Y=1980.000 Z=60.000), Max=(X=1630.000 Y=1980.000 Z=60.000) RuntimeGrid:None EditorOnly:0 RuntimeOnly:0 HLODRelevant:0
 |   |   |- [+] [ 64]
 |   |   |   |- Guid:F8E141E041AEFBCF4BBFCA8A737C0E50 BaseClass: NativeClass:/Script/Engine.SpotLight Name:SpotLight_UAID_C85ACF005BFE1D4701_1780938252 Label:SpotLight3 SpatiallyLoaded:1 Bounds:IsValid=true, Min=(X=-3805.082 Y=64.918 Z=-940.164), Max=(X=-2414.918 Y=1455.082 Z=450.000) RuntimeGrid:None EditorOnly:0 RuntimeOnly:0 HLODRelevant:0
 |   |   |- [+] [ 65]
 |   |   |   |- Guid:B3F872A64ADE225DDCE43E947324673F BaseClass: NativeClass:/Script/Engine.StaticMeshActor Name:StaticMeshActor_UAID_C85ACF005A1F2D4B01_1488104281 Label:Cube3 SpatiallyLoaded:1 Bounds:IsValid=true, Min=(X=-4100.000 Y=1902.500 Z=-102.500), Max=(X=-3700.000 Y=2377.500 Z=322.500) RuntimeGrid:None EditorOnly:0 RuntimeOnly:0 HLODRelevant:1
 |- ContainerInstances:
 |- [+] MainContainer:
 |   |-        ID: 0x0000000000000000
 |   |-    Bounds: IsValid=false, Min=(X=0.000 Y=0.000 Z=0.000), Max=(X=0.000 Y=0.000 Z=0.000)
 |   |- Transform: 0.000000,0.000000,0.000000|0.000000,0.000000,-0.000000|1.000000,1.000000,1.000000
 |   |- Container: /Game/ThirdPerson/Maps/ThirdPersonMap
----------------------------------------------------------------------------------------------------------------
ThirdPersonMap - Persistent Level
----------------------------------------------------------------------------------------------------------------
Always loaded Actor Count: 84 

----------------------------------------------------------------------------------------------------------------
ThirdPersonMap - Runtime Spatial Hash - Streaming Grid - MainGrid
----------------------------------------------------------------------------------------------------------------
            Origin: X=0.000 Y=0.000 Z=0.000
         Cell Size: 12800
      World Bounds: IsValid=false, Min=(X=0.000 Y=0.000 Z=0.000), Max=(X=0.000 Y=0.000 Z=0.000)
     Loading Range: 25600.00
Block Slow Loading: No
 ClientOnlyVisible: No

[+] Grid Levels: 1
 |- Level  0: Cell Count    0 | Cell Size   12800 | Actor Count    0 (0.0%)

[+] Content of Grid Level 0

