[+] Containers:
 |- [+] Container: /Game/ThirdPerson/Maps/ThirdPersonMap1
 |   |- [+] ActorDescs:
 |   |   |- Guid:00FE2C3B4BD46ADBA8E2C5A1DFD642DF BaseClass: NativeClass:/Script/Engine.StaticMeshActor Name:StaticMeshActor_UAID_D8BBC19EBE75ED7501_1812379436 Label:Cube15 SpatiallyLoaded:1 Bounds:IsValid=true, Min=(X=-7957.500 Y=2627.500 Z=17.500), Max=(X=-7882.500 Y=3452.500 Z=342.500) RuntimeGrid:None EditorOnly:0 RuntimeOnly:0 HLODRelevant:1
 |   |   |- Guid:09A3516743C35F4100FC5081F1B72544 BaseClass: NativeClass:/Script/Engine.StaticMeshActor Name:StaticMeshActor_UAID_D8BBC19EBE75ED7501_1812376432 Label:Cube11 SpatiallyLoaded:1 Bounds:IsValid=true, Min=(X=-8690.000 Y=4682.500 Z=50.000), Max=(X=-7890.000 Y=4757.500 Z=550.000) RuntimeGrid:None EditorOnly:0 RuntimeOnly:0 HLODRelevant:1
 |   |   |- Guid:0BF69D054DAB3E05ED42358C3148F9B3 BaseClass: NativeClass:/Script/Engine.StaticMeshActor Name:StaticMeshActor_UAID_D8BBC19EBE75ED7501_1812380438 Label:Cube17 SpatiallyLoaded:1 Bounds:IsValid=true, Min=(X=-8535.000 Y=6250.000 Z=-50.000), Max=(X=-6485.000 Y=7050.000 Z=50.000) RuntimeGrid:None EditorOnly:0 RuntimeOnly:0 HLODRelevant:1
 |   |   |- Guid:1E02FD92443E236AA6EE82A08C2A656F BaseClass: NativeClass:/Script/Engine.StaticMeshActor Name:StaticMeshActor_UAID_D8BBC19EBE75ED7501_1812373426 Label:Cube5 SpatiallyLoaded:1 Bounds:IsValid=true, Min=(X=-6267.500 Y=2620.000 Z=27.500), Max=(X=-6192.500 Y=4720.000 Z=552.500) RuntimeGrid:None EditorOnly:0 RuntimeOnly:0 HLODRelevant:1
 |   |   |- Guid:346837554A126D14F4DDE79360C4C7F4 BaseClass: NativeClass:/Script/Engine.StaticMeshActor Name:StaticMeshActor_UAID_D8BBC19EBE75ED7501_1812370423 Label:Cube2 SpatiallyLoaded:1 Bounds:IsValid=true, Min=(X=-7070.000 Y=2635.000 Z=-50.000), Max=(X=-6270.000 Y=4685.000 Z=50.000) RuntimeGrid:None EditorOnly:0 RuntimeOnly:0 HLODRelevant:1
 |   |   |- Guid:38028FDC4EA47E556EFBF98CEE792E32 BaseClass: NativeClass:/Script/Engine.WorldDataLayers Name:WorldDataLayers Label:WorldDataLayers SpatiallyLoaded:0 Bounds:IsValid=true, Min=(X=0.000 Y=0.000 Z=0.000), Max=(X=0.000 Y=0.000 Z=0.000) RuntimeGrid:None EditorOnly:0 RuntimeOnly:0 HLODRelevant:0
 |   |   |- Guid:3904726D47C962AD93FC44BB5CF61BE0 BaseClass: NativeClass:/Script/Engine.StaticMeshActor Name:StaticMeshActor_UAID_D8BBC19EBE75ED7501_1812373427 Label:Cube7 SpatiallyLoaded:1 Bounds:IsValid=true, Min=(X=-7077.500 Y=2617.500 Z=17.500), Max=(X=-7002.500 Y=3442.500 Z=342.500) RuntimeGrid:None EditorOnly:0 RuntimeOnly:0 HLODRelevant:1
 |   |   |- Guid:3A7BDCB246233D679E72BC967FFBE2C1 BaseClass: NativeClass:/Script/Engine.StaticMeshActor Name:StaticMeshActor_UAID_D8BBC19EBE75ED7501_1812383443 Label:Cube22 SpatiallyLoaded:1 Bounds:IsValid=true, Min=(X=-8542.500 Y=6242.500 Z=17.500), Max=(X=-7717.500 Y=6317.500 Z=342.500) RuntimeGrid:None EditorOnly:0 RuntimeOnly:0 HLODRelevant:1
 |   |   |- Guid:47D9B50341F2F7AB6E8B03B8E124B931 BaseClass: NativeClass:/Script/Engine.PlayerStart Name:PlayerStart_UAID_D8BBC19EBE75ED7501_1858483457 Label:PlayerStart SpatiallyLoaded:0 Bounds:IsValid=true, Min=(X=-7700.000 Y=1580.000 Z=50.000), Max=(X=-7620.000 Y=1660.000 Z=234.000) RuntimeGrid:None EditorOnly:0 RuntimeOnly:0 HLODRelevant:0
 |   |   |- Guid:4B7175EB4D87FC3D4594A0B7BF07DDB5 BaseClass: NativeClass:/Script/Engine.StaticMeshActor Name:StaticMeshActor_UAID_D8BBC19EBE75ED7501_1812377434 Label:Cube13 SpatiallyLoaded:1 Bounds:IsValid=true, Min=(X=-8767.500 Y=2600.000 Z=27.500), Max=(X=-8692.500 Y=4700.000 Z=552.500) RuntimeGrid:None EditorOnly:0 RuntimeOnly:0 HLODRelevant:1
 |   |   |- Guid:50C448B94FF5726E8563C191DCD47350 BaseClass: NativeClass:/Script/Engine.StaticMeshActor Name:StaticMeshActor_UAID_D8BBC19EBE75ED7501_1812387451 Label:Cube31 SpatiallyLoaded:1 Bounds:IsValid=true, Min=(X=-12697.500 Y=258.636 Z=-95.000), Max=(X=-12622.500 Y=708.636 Z=455.000) RuntimeGrid:None EditorOnly:0 RuntimeOnly:0 HLODRelevant:1
 |   |   |- Guid:535B840A48D4B2D46B7726864DA8EB82 BaseClass:/Engine/EngineSky/BP_Sky_Sphere.BP_Sky_Sphere_C NativeClass:/Script/Engine.Actor Name:BP_Sky_Sphere_C_UAID_D8BBC19EBE75ED7501_1828856454 Label:BP_Sky_Sphere SpatiallyLoaded:0 Bounds:IsValid=true, Min=(X=-1637750.000 Y=-1636290.000 Z=-1637190.000), Max=(X=1639050.000 Y=1640510.000 Z=1639610.000) RuntimeGrid:None EditorOnly:0 RuntimeOnly:0 HLODRelevant:0
 |   |   |- Guid:57534AD44AB01BE6419F76A332A01A15 BaseClass: NativeClass:/Script/Engine.StaticMeshActor Name:StaticMeshActor_UAID_D8BBC19EBE75ED7501_1812382441 Label:Cube20 SpatiallyLoaded:1 Bounds:IsValid=true, Min=(X=-8570.000 Y=7052.500 Z=27.500), Max=(X=-6470.000 Y=7127.500 Z=552.500) RuntimeGrid:None EditorOnly:0 RuntimeOnly:0 HLODRelevant:1
 |   |   |- Guid:5EBCC4CE4F27AF9FCACC19A348004779 BaseClass: NativeClass:/Script/Engine.StaticMeshActor Name:StaticMeshActor_UAID_D8BBC19EBE75ED7501_1812382442 Label:Cube21 SpatiallyLoaded:1 Bounds:IsValid=true, Min=(X=-7292.500 Y=6242.500 Z=17.500), Max=(X=-6467.500 Y=6317.500 Z=342.500) RuntimeGrid:None EditorOnly:0 RuntimeOnly:0 HLODRelevant:1
 |   |   |- Guid:60CD025B4249A4F1438E5682BBF153E8 BaseClass: NativeClass:/Script/Engine.StaticMeshActor Name:StaticMeshActor_UAID_D8BBC19EBE75ED7501_1812383444 Label:Cube23 SpatiallyLoaded:1 Bounds:IsValid=true, Min=(X=-8535.000 Y=6242.500 Z=337.500), Max=(X=-6485.000 Y=6317.500 Z=662.500) RuntimeGrid:None EditorOnly:0 RuntimeOnly:0 HLODRelevant:1
 |   |   |- Guid:625BC91E44A00EC1C0E37C8571244184 BaseClass: NativeClass:/Script/Engine.StaticMeshActor Name:StaticMeshActor_UAID_D8BBC19EBE75ED7501_1812385447 Label:Cube26 SpatiallyLoaded:1 Bounds:IsValid=true, Min=(X=-7087.500 Y=-515.000 Z=12.500), Max=(X=-7012.500 Y=2535.000 Z=787.500) RuntimeGrid:None EditorOnly:0 RuntimeOnly:0 HLODRelevant:1
 |   |   |- Guid:6BC95FF14E8E9E7AE3A4AEA8E3486D74 BaseClass: NativeClass:/Script/Engine.StaticMeshActor Name:StaticMeshActor_UAID_D8BBC19EBE75ED7501_1812374428 Label:Cube8 SpatiallyLoaded:1 Bounds:IsValid=true, Min=(X=-7077.500 Y=3867.500 Z=17.500), Max=(X=-7002.500 Y=4692.500 Z=342.500) RuntimeGrid:None EditorOnly:0 RuntimeOnly:0 HLODRelevant:1
 |   |   |- Guid:723B9FDD4AB51E262659C796641AB45B BaseClass: NativeClass:/Script/Engine.StaticMeshActor Name:StaticMeshActor_UAID_D8BBC19EBE75ED7501_1812387452 Label:Cube33 SpatiallyLoaded:1 Bounds:IsValid=true, Min=(X=-12697.500 Y=-817.500 Z=447.500), Max=(X=-12622.500 Y=857.500 Z=772.500) RuntimeGrid:None EditorOnly:0 RuntimeOnly:0 HLODRelevant:1
 |   |   |- Guid:7C345D2049603BAC3B7E93B8CD7B65E8 BaseClass: NativeClass:/Script/Engine.StaticMeshActor Name:StaticMeshActor_UAID_D8BBC19EBE75ED7501_1812385448 Label:Cube27 SpatiallyLoaded:1 Bounds:IsValid=true, Min=(X=-7957.500 Y=770.000 Z=12.500), Max=(X=-7882.500 Y=2570.000 Z=787.500) RuntimeGrid:None EditorOnly:0 RuntimeOnly:0 HLODRelevant:1
 |   |   |- Guid:7DAB1A0D4AE9E3DADAA422AD99ED3DDE BaseClass: NativeClass:/Script/Engine.DirectionalLight Name:DirectionalLight_UAID_D8BBC19EBE75ED7501_1834779455 Label:DirectionalLight SpatiallyLoaded:0 Bounds:IsValid=true, Min=(X=-4398046511104.000 Y=-4398046511104.000 Z=-4398046511104.000), Max=(X=4398046511104.000 Y=4398046511104.000 Z=4398046511104.000) RuntimeGrid:None EditorOnly:0 RuntimeOnly:0 HLODRelevant:0
 |   |   |- Guid:812D97BA43A33A4F0F846697310CEAE6 BaseClass: NativeClass:/Script/Engine.StaticMeshActor Name:StaticMeshActor_UAID_D8BBC19EBE75ED7501_1812375429 Label:Cube9 SpatiallyLoaded:1 Bounds:IsValid=true, Min=(X=-7077.500 Y=2635.000 Z=337.500), Max=(X=-7002.500 Y=4685.000 Z=662.500) RuntimeGrid:None EditorOnly:0 RuntimeOnly:0 HLODRelevant:1
 |   |   |- Guid:82FEA3874149CE52115A208CCAB9BC96 BaseClass: NativeClass:/Script/Engine.StaticMeshActor Name:StaticMeshActor_UAID_D8BBC19EBE75ED7501_1812376431 Label:Cube10 SpatiallyLoaded:1 Bounds:IsValid=true, Min=(X=-8690.000 Y=2635.000 Z=-50.000), Max=(X=-7890.000 Y=4685.000 Z=50.000) RuntimeGrid:None EditorOnly:0 RuntimeOnly:0 HLODRelevant:1
 |   |   |- Guid:9080F29349C591D12C8E7AB178633A12 BaseClass:/Game/ThirdPerson/Char_Power/BP_TelekineticProp.BP_TelekineticProp_C NativeClass:/Script/Engine.Actor Name:BP_TelekineticProp_C_UAID_D8BBC19EBE75ED7501_1850855456 Label:BP_TelekineticProp SpatiallyLoaded:1 Bounds:IsValid=true, Min=(X=-7716.190 Y=7.680 Z=20.760), Max=(X=-7610.110 Y=192.320 Z=119.240) RuntimeGrid:None EditorOnly:0 RuntimeOnly:0 HLODRelevant:0
 |   |   |- Guid:A3EA59EC4533A5AED39707AA5BE60633 BaseClass: NativeClass:/Script/Engine.StaticMeshActor Name:StaticMeshActor_UAID_D8BBC19EBE75ED7501_1812388453 Label:Cube32 SpatiallyLoaded:1 Bounds:IsValid=true, Min=(X=-12697.500 Y=-491.364 Z=-95.000), Max=(X=-12622.500 Y=-41.364 Z=455.000) RuntimeGrid:None EditorOnly:0 RuntimeOnly:0 HLODRelevant:1
 |   |   |- Guid:A9445CA1455C894605D49A8BCF624ED6 BaseClass: NativeClass:/Script/Engine.StaticMeshActor Name:StaticMeshActor_UAID_D8BBC19EBE75ED7501_1812379437 Label:Cube16 SpatiallyLoaded:1 Bounds:IsValid=true, Min=(X=-7957.500 Y=2635.000 Z=337.500), Max=(X=-7882.500 Y=4685.000 Z=662.500) RuntimeGrid:None EditorOnly:0 RuntimeOnly:0 HLODRelevant:1
 |   |   |- Guid:AAFC28474468D2533F690EB9CD7B1065 BaseClass: NativeClass:/Script/Engine.StaticMeshActor Name:StaticMeshActor_UAID_D8BBC19EBE75ED7501_1812386450 Label:Cube30 SpatiallyLoaded:1 Bounds:IsValid=true, Min=(X=-12597.500 Y=-547.500 Z=-50.000), Max=(X=-7022.500 Y=727.500 Z=50.000) RuntimeGrid:None EditorOnly:0 RuntimeOnly:0 HLODRelevant:1
 |   |   |- Guid:B1082C404F2221ABCC383EA48E275986 BaseClass: NativeClass:/Script/Engine.StaticMeshActor Name:StaticMeshActor_UAID_D8BBC19EBE75ED7501_1812381440 Label:Cube19 SpatiallyLoaded:1 Bounds:IsValid=true, Min=(X=-8607.500 Y=6250.000 Z=50.000), Max=(X=-8532.500 Y=7050.000 Z=550.000) RuntimeGrid:None EditorOnly:0 RuntimeOnly:0 HLODRelevant:1
 |   |   |- Guid:B5CA22C14BC6DA5FEEBB428419867F82 BaseClass: NativeClass:/Script/Engine.StaticMeshActor Name:StaticMeshActor_UAID_D8BBC19EBE75ED7501_1812384445 Label:Cube24 SpatiallyLoaded:1 Bounds:IsValid=true, Min=(X=-7077.500 Y=4692.500 Z=12.500), Max=(X=-7002.500 Y=6267.500 Z=787.500) RuntimeGrid:None EditorOnly:0 RuntimeOnly:0 HLODRelevant:1
 |   |   |- Guid:D3C2794442A2C5767D99448BC2A4D318 BaseClass: NativeClass:/Script/Engine.StaticMeshActor Name:StaticMeshActor_UAID_D8BBC19EBE75ED7501_1812377435 Label:Cube14 SpatiallyLoaded:1 Bounds:IsValid=true, Min=(X=-7957.500 Y=3877.500 Z=17.500), Max=(X=-7882.500 Y=4702.500 Z=342.500) RuntimeGrid:None EditorOnly:0 RuntimeOnly:0 HLODRelevant:1
 |   |   |- Guid:D4602FFB4FDA234D77474E8F11752258 BaseClass: NativeClass:/Script/Engine.StaticMeshActor Name:StaticMeshActor_UAID_D8BBC19EBE75ED7501_1812386449 Label:Cube29 SpatiallyLoaded:1 Bounds:IsValid=true, Min=(X=-12580.000 Y=-537.500 Z=12.500), Max=(X=-7080.000 Y=-462.500 Z=787.500) RuntimeGrid:None EditorOnly:0 RuntimeOnly:0 HLODRelevant:1
 |   |   |- Guid:D8AA4E4E4FF8CFD4F3AA12AA5A6598CA BaseClass: NativeClass:/Script/Engine.StaticMeshActor Name:StaticMeshActor_UAID_D8BBC19EBE75ED7501_1812375430 Label:Cube6 SpatiallyLoaded:1 Bounds:IsValid=true, Min=(X=-7880.000 Y=722.500 Z=-50.000), Max=(X=-7080.000 Y=6297.500 Z=50.000) RuntimeGrid:None EditorOnly:0 RuntimeOnly:0 HLODRelevant:1
 |   |   |- Guid:DBC1D1DB4931045DCDB48C8974802F8E BaseClass: NativeClass:/Script/Engine.StaticMeshActor Name:StaticMeshActor_UAID_D8BBC19EBE75ED7501_1812372425 Label:Cube4 SpatiallyLoaded:1 Bounds:IsValid=true, Min=(X=-7070.000 Y=4682.500 Z=50.000), Max=(X=-6270.000 Y=4757.500 Z=550.000) RuntimeGrid:None EditorOnly:0 RuntimeOnly:0 HLODRelevant:1
 |   |   |- Guid:E3BB99DB4D1AE1C930179CB291E20501 BaseClass: NativeClass:/Script/Engine.StaticMeshActor Name:StaticMeshActor_UAID_D8BBC19EBE75ED7501_1812381439 Label:Cube18 SpatiallyLoaded:1 Bounds:IsValid=true, Min=(X=-6487.500 Y=6250.000 Z=50.000), Max=(X=-6412.500 Y=7050.000 Z=550.000) RuntimeGrid:None EditorOnly:0 RuntimeOnly:0 HLODRelevant:1
 |   |   |- Guid:F283A8F44E71BCAB8E117395FEF2BEE3 BaseClass: NativeClass:/Script/Engine.StaticMeshActor Name:StaticMeshActor_UAID_D8BBC19EBE75ED7501_1812384446 Label:Cube25 SpatiallyLoaded:1 Bounds:IsValid=true, Min=(X=-7957.500 Y=4692.500 Z=12.500), Max=(X=-7882.500 Y=6267.500 Z=787.500) RuntimeGrid:None EditorOnly:0 RuntimeOnly:0 HLODRelevant:1
 |   |   |- Guid:FA8CF01A4F4EDE3FA06CE3B03472CC18 BaseClass: NativeClass:/Script/Engine.StaticMeshActor Name:StaticMeshActor_UAID_D8BBC19EBE75ED7501_1812372424 Label:Cube3 SpatiallyLoaded:1 Bounds:IsValid=true, Min=(X=-7070.000 Y=2562.500 Z=50.000), Max=(X=-6270.000 Y=2637.500 Z=550.000) RuntimeGrid:None EditorOnly:0 RuntimeOnly:0 HLODRelevant:1
 |   |   |- Guid:FC037E354820037842B5EFA4A4D0D39F BaseClass: NativeClass:/Script/Engine.StaticMeshActor Name:StaticMeshActor_UAID_D8BBC19EBE75ED7501_1812377433 Label:Cube12 SpatiallyLoaded:1 Bounds:IsValid=true, Min=(X=-8690.000 Y=2562.500 Z=50.000), Max=(X=-7890.000 Y=2637.500 Z=550.000) RuntimeGrid:None EditorOnly:0 RuntimeOnly:0 HLODRelevant:1
 |   |- [+] Clusters:
 |   |   |- [+] [  0]
 |   |   |   |- Guid:38028FDC4EA47E556EFBF98CEE792E32 BaseClass: NativeClass:/Script/Engine.WorldDataLayers Name:WorldDataLayers Label:WorldDataLayers SpatiallyLoaded:0 Bounds:IsValid=true, Min=(X=0.000 Y=0.000 Z=0.000), Max=(X=0.000 Y=0.000 Z=0.000) RuntimeGrid:None EditorOnly:0 RuntimeOnly:0 HLODRelevant:0
 |   |   |- [+] [  1]
 |   |   |   |- Guid:346837554A126D14F4DDE79360C4C7F4 BaseClass: NativeClass:/Script/Engine.StaticMeshActor Name:StaticMeshActor_UAID_D8BBC19EBE75ED7501_1812370423 Label:Cube2 SpatiallyLoaded:1 Bounds:IsValid=true, Min=(X=-7070.000 Y=2635.000 Z=-50.000), Max=(X=-6270.000 Y=4685.000 Z=50.000) RuntimeGrid:None EditorOnly:0 RuntimeOnly:0 HLODRelevant:1
 |   |   |- [+] [  2]
 |   |   |   |- Guid:FA8CF01A4F4EDE3FA06CE3B03472CC18 BaseClass: NativeClass:/Script/Engine.StaticMeshActor Name:StaticMeshActor_UAID_D8BBC19EBE75ED7501_1812372424 Label:Cube3 SpatiallyLoaded:1 Bounds:IsValid=true, Min=(X=-7070.000 Y=2562.500 Z=50.000), Max=(X=-6270.000 Y=2637.500 Z=550.000) RuntimeGrid:None EditorOnly:0 RuntimeOnly:0 HLODRelevant:1
 |   |   |- [+] [  3]
 |   |   |   |- Guid:DBC1D1DB4931045DCDB48C8974802F8E BaseClass: NativeClass:/Script/Engine.StaticMeshActor Name:StaticMeshActor_UAID_D8BBC19EBE75ED7501_1812372425 Label:Cube4 SpatiallyLoaded:1 Bounds:IsValid=true, Min=(X=-7070.000 Y=4682.500 Z=50.000), Max=(X=-6270.000 Y=4757.500 Z=550.000) RuntimeGrid:None EditorOnly:0 RuntimeOnly:0 HLODRelevant:1
 |   |   |- [+] [  4]
 |   |   |   |- Guid:1E02FD92443E236AA6EE82A08C2A656F BaseClass: NativeClass:/Script/Engine.StaticMeshActor Name:StaticMeshActor_UAID_D8BBC19EBE75ED7501_1812373426 Label:Cube5 SpatiallyLoaded:1 Bounds:IsValid=true, Min=(X=-6267.500 Y=2620.000 Z=27.500), Max=(X=-6192.500 Y=4720.000 Z=552.500) RuntimeGrid:None EditorOnly:0 RuntimeOnly:0 HLODRelevant:1
 |   |   |- [+] [  5]
 |   |   |   |- Guid:3904726D47C962AD93FC44BB5CF61BE0 BaseClass: NativeClass:/Script/Engine.StaticMeshActor Name:StaticMeshActor_UAID_D8BBC19EBE75ED7501_1812373427 Label:Cube7 SpatiallyLoaded:1 Bounds:IsValid=true, Min=(X=-7077.500 Y=2617.500 Z=17.500), Max=(X=-7002.500 Y=3442.500 Z=342.500) RuntimeGrid:None EditorOnly:0 RuntimeOnly:0 HLODRelevant:1
 |   |   |- [+] [  6]
 |   |   |   |- Guid:6BC95FF14E8E9E7AE3A4AEA8E3486D74 BaseClass: NativeClass:/Script/Engine.StaticMeshActor Name:StaticMeshActor_UAID_D8BBC19EBE75ED7501_1812374428 Label:Cube8 SpatiallyLoaded:1 Bounds:IsValid=true, Min=(X=-7077.500 Y=3867.500 Z=17.500), Max=(X=-7002.500 Y=4692.500 Z=342.500) RuntimeGrid:None EditorOnly:0 RuntimeOnly:0 HLODRelevant:1
 |   |   |- [+] [  7]
 |   |   |   |- Guid:812D97BA43A33A4F0F846697310CEAE6 BaseClass: NativeClass:/Script/Engine.StaticMeshActor Name:StaticMeshActor_UAID_D8BBC19EBE75ED7501_1812375429 Label:Cube9 SpatiallyLoaded:1 Bounds:IsValid=true, Min=(X=-7077.500 Y=2635.000 Z=337.500), Max=(X=-7002.500 Y=4685.000 Z=662.500) RuntimeGrid:None EditorOnly:0 RuntimeOnly:0 HLODRelevant:1
 |   |   |- [+] [  8]
 |   |   |   |- Guid:D8AA4E4E4FF8CFD4F3AA12AA5A6598CA BaseClass: NativeClass:/Script/Engine.StaticMeshActor Name:StaticMeshActor_UAID_D8BBC19EBE75ED7501_1812375430 Label:Cube6 SpatiallyLoaded:1 Bounds:IsValid=true, Min=(X=-7880.000 Y=722.500 Z=-50.000), Max=(X=-7080.000 Y=6297.500 Z=50.000) RuntimeGrid:None EditorOnly:0 RuntimeOnly:0 HLODRelevant:1
 |   |   |- [+] [  9]
 |   |   |   |- Guid:82FEA3874149CE52115A208CCAB9BC96 BaseClass: NativeClass:/Script/Engine.StaticMeshActor Name:StaticMeshActor_UAID_D8BBC19EBE75ED7501_1812376431 Label:Cube10 SpatiallyLoaded:1 Bounds:IsValid=true, Min=(X=-8690.000 Y=2635.000 Z=-50.000), Max=(X=-7890.000 Y=4685.000 Z=50.000) RuntimeGrid:None EditorOnly:0 RuntimeOnly:0 HLODRelevant:1
 |   |   |- [+] [ 10]
 |   |   |   |- Guid:09A3516743C35F4100FC5081F1B72544 BaseClass: NativeClass:/Script/Engine.StaticMeshActor Name:StaticMeshActor_UAID_D8BBC19EBE75ED7501_1812376432 Label:Cube11 SpatiallyLoaded:1 Bounds:IsValid=true, Min=(X=-8690.000 Y=4682.500 Z=50.000), Max=(X=-7890.000 Y=4757.500 Z=550.000) RuntimeGrid:None EditorOnly:0 RuntimeOnly:0 HLODRelevant:1
 |   |   |- [+] [ 11]
 |   |   |   |- Guid:FC037E354820037842B5EFA4A4D0D39F BaseClass: NativeClass:/Script/Engine.StaticMeshActor Name:StaticMeshActor_UAID_D8BBC19EBE75ED7501_1812377433 Label:Cube12 SpatiallyLoaded:1 Bounds:IsValid=true, Min=(X=-8690.000 Y=2562.500 Z=50.000), Max=(X=-7890.000 Y=2637.500 Z=550.000) RuntimeGrid:None EditorOnly:0 RuntimeOnly:0 HLODRelevant:1
 |   |   |- [+] [ 12]
 |   |   |   |- Guid:4B7175EB4D87FC3D4594A0B7BF07DDB5 BaseClass: NativeClass:/Script/Engine.StaticMeshActor Name:StaticMeshActor_UAID_D8BBC19EBE75ED7501_1812377434 Label:Cube13 SpatiallyLoaded:1 Bounds:IsValid=true, Min=(X=-8767.500 Y=2600.000 Z=27.500), Max=(X=-8692.500 Y=4700.000 Z=552.500) RuntimeGrid:None EditorOnly:0 RuntimeOnly:0 HLODRelevant:1
 |   |   |- [+] [ 13]
 |   |   |   |- Guid:D3C2794442A2C5767D99448BC2A4D318 BaseClass: NativeClass:/Script/Engine.StaticMeshActor Name:StaticMeshActor_UAID_D8BBC19EBE75ED7501_1812377435 Label:Cube14 SpatiallyLoaded:1 Bounds:IsValid=true, Min=(X=-7957.500 Y=3877.500 Z=17.500), Max=(X=-7882.500 Y=4702.500 Z=342.500) RuntimeGrid:None EditorOnly:0 RuntimeOnly:0 HLODRelevant:1
 |   |   |- [+] [ 14]
 |   |   |   |- Guid:00FE2C3B4BD46ADBA8E2C5A1DFD642DF BaseClass: NativeClass:/Script/Engine.StaticMeshActor Name:StaticMeshActor_UAID_D8BBC19EBE75ED7501_1812379436 Label:Cube15 SpatiallyLoaded:1 Bounds:IsValid=true, Min=(X=-7957.500 Y=2627.500 Z=17.500), Max=(X=-7882.500 Y=3452.500 Z=342.500) RuntimeGrid:None EditorOnly:0 RuntimeOnly:0 HLODRelevant:1
 |   |   |- [+] [ 15]
 |   |   |   |- Guid:A9445CA1455C894605D49A8BCF624ED6 BaseClass: NativeClass:/Script/Engine.StaticMeshActor Name:StaticMeshActor_UAID_D8BBC19EBE75ED7501_1812379437 Label:Cube16 SpatiallyLoaded:1 Bounds:IsValid=true, Min=(X=-7957.500 Y=2635.000 Z=337.500), Max=(X=-7882.500 Y=4685.000 Z=662.500) RuntimeGrid:None EditorOnly:0 RuntimeOnly:0 HLODRelevant:1
 |   |   |- [+] [ 16]
 |   |   |   |- Guid:0BF69D054DAB3E05ED42358C3148F9B3 BaseClass: NativeClass:/Script/Engine.StaticMeshActor Name:StaticMeshActor_UAID_D8BBC19EBE75ED7501_1812380438 Label:Cube17 SpatiallyLoaded:1 Bounds:IsValid=true, Min=(X=-8535.000 Y=6250.000 Z=-50.000), Max=(X=-6485.000 Y=7050.000 Z=50.000) RuntimeGrid:None EditorOnly:0 RuntimeOnly:0 HLODRelevant:1
 |   |   |- [+] [ 17]
 |   |   |   |- Guid:E3BB99DB4D1AE1C930179CB291E20501 BaseClass: NativeClass:/Script/Engine.StaticMeshActor Name:StaticMeshActor_UAID_D8BBC19EBE75ED7501_1812381439 Label:Cube18 SpatiallyLoaded:1 Bounds:IsValid=true, Min=(X=-6487.500 Y=6250.000 Z=50.000), Max=(X=-6412.500 Y=7050.000 Z=550.000) RuntimeGrid:None EditorOnly:0 RuntimeOnly:0 HLODRelevant:1
 |   |   |- [+] [ 18]
 |   |   |   |- Guid:B1082C404F2221ABCC383EA48E275986 BaseClass: NativeClass:/Script/Engine.StaticMeshActor Name:StaticMeshActor_UAID_D8BBC19EBE75ED7501_1812381440 Label:Cube19 SpatiallyLoaded:1 Bounds:IsValid=true, Min=(X=-8607.500 Y=6250.000 Z=50.000), Max=(X=-8532.500 Y=7050.000 Z=550.000) RuntimeGrid:None EditorOnly:0 RuntimeOnly:0 HLODRelevant:1
 |   |   |- [+] [ 19]
 |   |   |   |- Guid:57534AD44AB01BE6419F76A332A01A15 BaseClass: NativeClass:/Script/Engine.StaticMeshActor Name:StaticMeshActor_UAID_D8BBC19EBE75ED7501_1812382441 Label:Cube20 SpatiallyLoaded:1 Bounds:IsValid=true, Min=(X=-8570.000 Y=7052.500 Z=27.500), Max=(X=-6470.000 Y=7127.500 Z=552.500) RuntimeGrid:None EditorOnly:0 RuntimeOnly:0 HLODRelevant:1
 |   |   |- [+] [ 20]
 |   |   |   |- Guid:5EBCC4CE4F27AF9FCACC19A348004779 BaseClass: NativeClass:/Script/Engine.StaticMeshActor Name:StaticMeshActor_UAID_D8BBC19EBE75ED7501_1812382442 Label:Cube21 SpatiallyLoaded:1 Bounds:IsValid=true, Min=(X=-7292.500 Y=6242.500 Z=17.500), Max=(X=-6467.500 Y=6317.500 Z=342.500) RuntimeGrid:None EditorOnly:0 RuntimeOnly:0 HLODRelevant:1
 |   |   |- [+] [ 21]
 |   |   |   |- Guid:3A7BDCB246233D679E72BC967FFBE2C1 BaseClass: NativeClass:/Script/Engine.StaticMeshActor Name:StaticMeshActor_UAID_D8BBC19EBE75ED7501_1812383443 Label:Cube22 SpatiallyLoaded:1 Bounds:IsValid=true, Min=(X=-8542.500 Y=6242.500 Z=17.500), Max=(X=-7717.500 Y=6317.500 Z=342.500) RuntimeGrid:None EditorOnly:0 RuntimeOnly:0 HLODRelevant:1
 |   |   |- [+] [ 22]
 |   |   |   |- Guid:60CD025B4249A4F1438E5682BBF153E8 BaseClass: NativeClass:/Script/Engine.StaticMeshActor Name:StaticMeshActor_UAID_D8BBC19EBE75ED7501_1812383444 Label:Cube23 SpatiallyLoaded:1 Bounds:IsValid=true, Min=(X=-8535.000 Y=6242.500 Z=337.500), Max=(X=-6485.000 Y=6317.500 Z=662.500) RuntimeGrid:None EditorOnly:0 RuntimeOnly:0 HLODRelevant:1
 |   |   |- [+] [ 23]
 |   |   |   |- Guid:B5CA22C14BC6DA5FEEBB428419867F82 BaseClass: NativeClass:/Script/Engine.StaticMeshActor Name:StaticMeshActor_UAID_D8BBC19EBE75ED7501_1812384445 Label:Cube24 SpatiallyLoaded:1 Bounds:IsValid=true, Min=(X=-7077.500 Y=4692.500 Z=12.500), Max=(X=-7002.500 Y=6267.500 Z=787.500) RuntimeGrid:None EditorOnly:0 RuntimeOnly:0 HLODRelevant:1
 |   |   |- [+] [ 24]
 |   |   |   |- Guid:F283A8F44E71BCAB8E117395FEF2BEE3 BaseClass: NativeClass:/Script/Engine.StaticMeshActor Name:StaticMeshActor_UAID_D8BBC19EBE75ED7501_1812384446 Label:Cube25 SpatiallyLoaded:1 Bounds:IsValid=true, Min=(X=-7957.500 Y=4692.500 Z=12.500), Max=(X=-7882.500 Y=6267.500 Z=787.500) RuntimeGrid:None EditorOnly:0 RuntimeOnly:0 HLODRelevant:1
 |   |   |- [+] [ 25]
 |   |   |   |- Guid:625BC91E44A00EC1C0E37C8571244184 BaseClass: NativeClass:/Script/Engine.StaticMeshActor Name:StaticMeshActor_UAID_D8BBC19EBE75ED7501_1812385447 Label:Cube26 SpatiallyLoaded:1 Bounds:IsValid=true, Min=(X=-7087.500 Y=-515.000 Z=12.500), Max=(X=-7012.500 Y=2535.000 Z=787.500) RuntimeGrid:None EditorOnly:0 RuntimeOnly:0 HLODRelevant:1
 |   |   |- [+] [ 26]
 |   |   |   |- Guid:7C345D2049603BAC3B7E93B8CD7B65E8 BaseClass: NativeClass:/Script/Engine.StaticMeshActor Name:StaticMeshActor_UAID_D8BBC19EBE75ED7501_1812385448 Label:Cube27 SpatiallyLoaded:1 Bounds:IsValid=true, Min=(X=-7957.500 Y=770.000 Z=12.500), Max=(X=-7882.500 Y=2570.000 Z=787.500) RuntimeGrid:None EditorOnly:0 RuntimeOnly:0 HLODRelevant:1
 |   |   |- [+] [ 27]
 |   |   |   |- Guid:D4602FFB4FDA234D77474E8F11752258 BaseClass: NativeClass:/Script/Engine.StaticMeshActor Name:StaticMeshActor_UAID_D8BBC19EBE75ED7501_1812386449 Label:Cube29 SpatiallyLoaded:1 Bounds:IsValid=true, Min=(X=-12580.000 Y=-537.500 Z=12.500), Max=(X=-7080.000 Y=-462.500 Z=787.500) RuntimeGrid:None EditorOnly:0 RuntimeOnly:0 HLODRelevant:1
 |   |   |- [+] [ 28]
 |   |   |   |- Guid:AAFC28474468D2533F690EB9CD7B1065 BaseClass: NativeClass:/Script/Engine.StaticMeshActor Name:StaticMeshActor_UAID_D8BBC19EBE75ED7501_1812386450 Label:Cube30 SpatiallyLoaded:1 Bounds:IsValid=true, Min=(X=-12597.500 Y=-547.500 Z=-50.000), Max=(X=-7022.500 Y=727.500 Z=50.000) RuntimeGrid:None EditorOnly:0 RuntimeOnly:0 HLODRelevant:1
 |   |   |- [+] [ 29]
 |   |   |   |- Guid:50C448B94FF5726E8563C191DCD47350 BaseClass: NativeClass:/Script/Engine.StaticMeshActor Name:StaticMeshActor_UAID_D8BBC19EBE75ED7501_1812387451 Label:Cube31 SpatiallyLoaded:1 Bounds:IsValid=true, Min=(X=-12697.500 Y=258.636 Z=-95.000), Max=(X=-12622.500 Y=708.636 Z=455.000) RuntimeGrid:None EditorOnly:0 RuntimeOnly:0 HLODRelevant:1
 |   |   |- [+] [ 30]
 |   |   |   |- Guid:723B9FDD4AB51E262659C796641AB45B BaseClass: NativeClass:/Script/Engine.StaticMeshActor Name:StaticMeshActor_UAID_D8BBC19EBE75ED7501_1812387452 Label:Cube33 SpatiallyLoaded:1 Bounds:IsValid=true, Min=(X=-12697.500 Y=-817.500 Z=447.500), Max=(X=-12622.500 Y=857.500 Z=772.500) RuntimeGrid:None EditorOnly:0 RuntimeOnly:0 HLODRelevant:1
 |   |   |- [+] [ 31]
 |   |   |   |- Guid:A3EA59EC4533A5AED39707AA5BE60633 BaseClass: NativeClass:/Script/Engine.StaticMeshActor Name:StaticMeshActor_UAID_D8BBC19EBE75ED7501_1812388453 Label:Cube32 SpatiallyLoaded:1 Bounds:IsValid=true, Min=(X=-12697.500 Y=-491.364 Z=-95.000), Max=(X=-12622.500 Y=-41.364 Z=455.000) RuntimeGrid:None EditorOnly:0 RuntimeOnly:0 HLODRelevant:1
 |   |   |- [+] [ 32]
 |   |   |   |- Guid:535B840A48D4B2D46B7726864DA8EB82 BaseClass:/Engine/EngineSky/BP_Sky_Sphere.BP_Sky_Sphere_C NativeClass:/Script/Engine.Actor Name:BP_Sky_Sphere_C_UAID_D8BBC19EBE75ED7501_1828856454 Label:BP_Sky_Sphere SpatiallyLoaded:0 Bounds:IsValid=true, Min=(X=-1637750.000 Y=-1636290.000 Z=-1637190.000), Max=(X=1639050.000 Y=1640510.000 Z=1639610.000) RuntimeGrid:None EditorOnly:0 RuntimeOnly:0 HLODRelevant:0
 |   |   |- [+] [ 33]
 |   |   |   |- Guid:7DAB1A0D4AE9E3DADAA422AD99ED3DDE BaseClass: NativeClass:/Script/Engine.DirectionalLight Name:DirectionalLight_UAID_D8BBC19EBE75ED7501_1834779455 Label:DirectionalLight SpatiallyLoaded:0 Bounds:IsValid=true, Min=(X=-4398046511104.000 Y=-4398046511104.000 Z=-4398046511104.000), Max=(X=4398046511104.000 Y=4398046511104.000 Z=4398046511104.000) RuntimeGrid:None EditorOnly:0 RuntimeOnly:0 HLODRelevant:0
 |   |   |- [+] [ 34]
 |   |   |   |- Guid:9080F29349C591D12C8E7AB178633A12 BaseClass:/Game/ThirdPerson/Char_Power/BP_TelekineticProp.BP_TelekineticProp_C NativeClass:/Script/Engine.Actor Name:BP_TelekineticProp_C_UAID_D8BBC19EBE75ED7501_1850855456 Label:BP_TelekineticProp SpatiallyLoaded:1 Bounds:IsValid=true, Min=(X=-7716.190 Y=7.680 Z=20.760), Max=(X=-7610.110 Y=192.320 Z=119.240) RuntimeGrid:None EditorOnly:0 RuntimeOnly:0 HLODRelevant:0
 |   |   |- [+] [ 35]
 |   |   |   |- Guid:47D9B50341F2F7AB6E8B03B8E124B931 BaseClass: NativeClass:/Script/Engine.PlayerStart Name:PlayerStart_UAID_D8BBC19EBE75ED7501_1858483457 Label:PlayerStart SpatiallyLoaded:0 Bounds:IsValid=true, Min=(X=-7700.000 Y=1580.000 Z=50.000), Max=(X=-7620.000 Y=1660.000 Z=234.000) RuntimeGrid:None EditorOnly:0 RuntimeOnly:0 HLODRelevant:0
 |- ContainerInstances:
 |- [+] MainContainer:
 |   |-        ID: 0x0000000000000000
 |   |-    Bounds: IsValid=false, Min=(X=0.000 Y=0.000 Z=0.000), Max=(X=0.000 Y=0.000 Z=0.000)
 |   |- Transform: 0.000000,0.000000,0.000000|0.000000,0.000000,-0.000000|1.000000,1.000000,1.000000
 |   |- Container: /Game/ThirdPerson/Maps/ThirdPersonMap1
----------------------------------------------------------------------------------------------------------------
ThirdPersonMap1 - Persistent Level
----------------------------------------------------------------------------------------------------------------
Always loaded Actor Count: 46 

----------------------------------------------------------------------------------------------------------------
ThirdPersonMap1 - Runtime Spatial Hash - Streaming Grid - MainGrid
----------------------------------------------------------------------------------------------------------------
            Origin: X=0.000 Y=0.000 Z=0.000
         Cell Size: 12800
      World Bounds: IsValid=false, Min=(X=0.000 Y=0.000 Z=0.000), Max=(X=0.000 Y=0.000 Z=0.000)
     Loading Range: 25600.00
Block Slow Loading: No
 ClientOnlyVisible: No

[+] Grid Levels: 1
 |- Level  0: Cell Count    0 | Cell Size   12800 | Actor Count    0 (0.0%)

[+] Content of Grid Level 0

